This is pdfTeX, Version 3.141592653-2.6-1.40.24 (MiKTeX 22.3) (preloaded format=pdflatex 2022.7.2)  2 JUL 2022 20:46
entering extended mode
 restricted \write18 enabled.
 %&-line parsing enabled.
**./documentoprincipal.tex
(documentoprincipal.tex
LaTeX2e <2021-11-15> patch level 1
L3 programming layer <2022-02-24> (Latex/Classes/thesisUP.cls
Document Class: Latex/Classes/thesisUP 2018/04/30 v1 thesis class
(C:\Users\selui\AppData\Local\Programs\MiKTeX\tex/latex/base\book.cls
Document Class: book 2021/10/04 v1.4n Standard LaTeX document class
(C:\Users\selui\AppData\Local\Programs\MiKTeX\tex/latex/base\bk11.clo
File: bk11.clo 2021/10/04 v1.4n Standard LaTeX file (size option)
)
\c@part=\count185
\c@chapter=\count186
\c@section=\count187
\c@subsection=\count188
\c@subsubsection=\count189
\c@paragraph=\count190
\c@subparagraph=\count191
\c@figure=\count192
\c@table=\count193
\abovecaptionskip=\skip47
\belowcaptionskip=\skip48
\bibindent=\dimen138
)
(C:\Users\selui\AppData\Local\Programs\MiKTeX\tex/latex/tools\longtable.sty
Package: longtable 2021-09-01 v4.17 Multi-page Table package (DPC)
\LTleft=\skip49
\LTright=\skip50
\LTpre=\skip51
\LTpost=\skip52
\LTchunksize=\count194
\LTcapwidth=\dimen139
\LT@head=\box50
\LT@firsthead=\box51
\LT@foot=\box52
\LT@lastfoot=\box53
\LT@gbox=\box54
\LT@cols=\count195
\LT@rows=\count196
\c@LT@tables=\count197
\c@LT@chunks=\count198
\LT@p@ftn=\toks16
)
(C:\Users\selui\AppData\Local\Programs\MiKTeX\tex/latex/amsfonts\amssymb.sty
Package: amssymb 2013/01/14 v3.01 AMS font symbols

(C:\Users\selui\AppData\Local\Programs\MiKTeX\tex/latex/amsfonts\amsfonts.sty
Package: amsfonts 2013/01/14 v3.01 Basic AMSFonts support
\@emptytoks=\toks17
\symAMSa=\mathgroup4
\symAMSb=\mathgroup5
LaTeX Font Info:    Redeclaring math symbol \hbar on input line 98.
LaTeX Font Info:    Overwriting math alphabet `\mathfrak' in version `bold'
(Font)                  U/euf/m/n --> U/euf/b/n on input line 106.
)) (C:\Users\selui\AppData\Local\Programs\MiKTeX\tex/latex/amsmath\amsmath.sty
Package: amsmath 2021/10/15 v2.17l AMS math features
\@mathmargin=\skip53

For additional information on amsmath, use the `?' option.
(C:\Users\selui\AppData\Local\Programs\MiKTeX\tex/latex/amsmath\amstext.sty
Package: amstext 2021/08/26 v2.01 AMS text

(C:\Users\selui\AppData\Local\Programs\MiKTeX\tex/latex/amsmath\amsgen.sty
File: amsgen.sty 1999/11/30 v2.0 generic functions
\@emptytoks=\toks18
\ex@=\dimen140
))
(C:\Users\selui\AppData\Local\Programs\MiKTeX\tex/latex/amsmath\amsbsy.sty
Package: amsbsy 1999/11/29 v1.2d Bold Symbols
\pmbraise@=\dimen141
)
(C:\Users\selui\AppData\Local\Programs\MiKTeX\tex/latex/amsmath\amsopn.sty
Package: amsopn 2021/08/26 v2.02 operator names
)
\inf@bad=\count199
LaTeX Info: Redefining \frac on input line 234.
\uproot@=\count266
\leftroot@=\count267
LaTeX Info: Redefining \overline on input line 399.
\classnum@=\count268
\DOTSCASE@=\count269
LaTeX Info: Redefining \ldots on input line 496.
LaTeX Info: Redefining \dots on input line 499.
LaTeX Info: Redefining \cdots on input line 620.
\Mathstrutbox@=\box55
\strutbox@=\box56
\big@size=\dimen142
LaTeX Font Info:    Redeclaring font encoding OML on input line 743.
LaTeX Font Info:    Redeclaring font encoding OMS on input line 744.
\macc@depth=\count270
\c@MaxMatrixCols=\count271
\dotsspace@=\muskip16
\c@parentequation=\count272
\dspbrk@lvl=\count273
\tag@help=\toks19
\row@=\count274
\column@=\count275
\maxfields@=\count276
\andhelp@=\toks20
\eqnshift@=\dimen143
\alignsep@=\dimen144
\tagshift@=\dimen145
\tagwidth@=\dimen146
\totwidth@=\dimen147
\lineht@=\dimen148
\@envbody=\toks21
\multlinegap=\skip54
\multlinetaggap=\skip55
\mathdisplay@stack=\toks22
LaTeX Info: Redefining \[ on input line 2938.
LaTeX Info: Redefining \] on input line 2939.
)
(C:\Users\selui\AppData\Local\Programs\MiKTeX\tex/latex/base\inputenc.sty
Package: inputenc 2021/02/14 v1.3d Input encoding file
\inpenc@prehook=\toks23
\inpenc@posthook=\toks24
)
(C:\Users\selui\AppData\Local\Programs\MiKTeX\tex/latex/listings\listings.sty
(C:\Users\selui\AppData\Local\Programs\MiKTeX\tex/latex/graphics\keyval.sty
Package: keyval 2014/10/28 v1.15 key=value parser (DPC)
\KV@toks@=\toks25
)
\lst@mode=\count277
\lst@gtempboxa=\box57
\lst@token=\toks26
\lst@length=\count278
\lst@currlwidth=\dimen149
\lst@column=\count279
\lst@pos=\count280
\lst@lostspace=\dimen150
\lst@width=\dimen151
\lst@newlines=\count281
\lst@lineno=\count282
\lst@maxwidth=\dimen152

(C:\Users\selui\AppData\Local\Programs\MiKTeX\tex/latex/listings\lstmisc.sty
File: lstmisc.sty 2020/03/24 1.8d (Carsten Heinz)
\c@lstnumber=\count283
\lst@skipnumbers=\count284
\lst@framebox=\box58
)
(C:\Users\selui\AppData\Local\Programs\MiKTeX\tex/latex/listings\listings.cfg
File: listings.cfg 2020/03/24 1.8d listings configuration
))
Package: listings 2020/03/24 1.8d (Carsten Heinz)

(C:\Users\selui\AppData\Local\Programs\MiKTeX\tex/latex/emptypage\emptypage.sty
Package: emptypage 2010/05/30 v1.2 Suppress page numbers and headings on empty 
pages
) (C:\Users\selui\AppData\Local\Programs\MiKTeX\tex/latex/wrapfig\wrapfig.sty
\wrapoverhang=\dimen153
\WF@size=\dimen154
\c@WF@wrappedlines=\count285
\WF@box=\box59
\WF@everypar=\toks27
Package: wrapfig 2003/01/31  v 3.6
)
(C:\Users\selui\AppData\Local\Programs\MiKTeX\tex/latex/caption\caption.sty
Package: caption 2022/03/01 v3.6b Customizing captions (AR)

(C:\Users\selui\AppData\Local\Programs\MiKTeX\tex/latex/caption\caption3.sty
Package: caption3 2022/03/17 v2.3b caption3 kernel (AR)
\caption@tempdima=\dimen155
\captionmargin=\dimen156
\caption@leftmargin=\dimen157
\caption@rightmargin=\dimen158
\caption@width=\dimen159
\caption@indent=\dimen160
\caption@parindent=\dimen161
\caption@hangindent=\dimen162
Package caption Info: Standard document class detected.
)
\c@caption@flags=\count286
\c@continuedfloat=\count287
Package caption Info: listings package is loaded.
Package caption Info: longtable package is loaded.

(C:\Users\selui\AppData\Local\Programs\MiKTeX\tex/latex/caption\ltcaption.sty
Package: ltcaption 2021/01/08 v1.4c longtable captions (AR)
)
Package caption Info: wrapfig package is loaded.
)
(C:\Users\selui\AppData\Local\Programs\MiKTeX\tex/latex/subfigure\subfigure.sty
Package: subfigure 2002/07/30 v2.1.4 subfigure package
\subfigtopskip=\skip56
\subfigcapskip=\skip57
\subfigcaptopadj=\dimen163
\subfigbottomskip=\skip58
\subfigcapmargin=\dimen164
\subfiglabelskip=\skip59
\c@subfigure=\count288
\c@lofdepth=\count289
\c@subtable=\count290
\c@lotdepth=\count291
****************************************
* Local config file subfigure.cfg used *
****************************************

(C:\Users\selui\AppData\Local\Programs\MiKTeX\tex/latex/subfigure\subfigure.cfg
)
\subfig@top=\skip60
\subfig@bottom=\skip61
) (C:\Users\selui\AppData\Local\Programs\MiKTeX\tex/latex/base\makeidx.sty
Package: makeidx 2021/10/04 v1.0m Standard LaTeX package
)
(C:\Users\selui\AppData\Local\Programs\MiKTeX\tex/generic/mathdots\mathdots.sty
Package: mathdots 2014/06/11 v0.9 Improve and add various macros for dots in ma
th.
\MDo@unit=\dimen165
\MDo@dotsbox=\box60
\MDoprekern=\muskip17
\MDopostkern=\muskip18
\MDodotkern=\muskip19
) (C:\Users\selui\AppData\Local\Programs\MiKTeX\tex/latex/jknappen\mathrsfs.sty
Package: mathrsfs 1996/01/01 Math RSFS package v1.0 (jk)
\symrsfs=\mathgroup6
) (C:\Users\selui\AppData\Local\Programs\MiKTeX\tex/latex/fancyhdr\fancyhdr.sty
Package: fancyhdr 2022/05/18 v4.0.3 Extensive control of page headers and foote
rs
\f@nch@headwidth=\skip62
\f@nch@O@elh=\skip63
\f@nch@O@erh=\skip64
\f@nch@O@olh=\skip65
\f@nch@O@orh=\skip66
\f@nch@O@elf=\skip67
\f@nch@O@erf=\skip68
\f@nch@O@olf=\skip69
\f@nch@O@orf=\skip70
) (C:\Users\selui\AppData\Local\Programs\MiKTeX\tex/latex/amsfonts\eucal.sty
Package: eucal 2009/06/22 v3.00 Euler Script fonts
LaTeX Font Info:    Overwriting math alphabet `\EuScript' in version `bold'
(Font)                  U/eus/m/n --> U/eus/b/n on input line 33.
)
(C:\Users\selui\AppData\Local\Programs\MiKTeX\tex/generic/babel\babel.sty
Package: babel 2022/02/26 3.73 The Babel package
\babel@savecnt=\count292
\U@D=\dimen166
\l@unhyphenated=\language79

(C:\Users\selui\AppData\Local\Programs\MiKTeX\tex/generic/babel\txtbabel.def)
\bbl@readstream=\read2
\bbl@dirlevel=\count293

*************************************
* Local config file bblopts.cfg used
*
(C:\Users\selui\AppData\Local\Programs\MiKTeX\tex/latex/arabi\bblopts.cfg
File: bblopts.cfg 2005/09/08 v0.1 add Arabic and Farsi to "declared" options of
 babel
)
(C:\Users\selui\AppData\Local\Programs\MiKTeX\tex/latex/babel-spanish\spanish.l
df
Language: spanish.ldf 2021/05/27 v5.0q Spanish support from the babel system
\es@quottoks=\toks28
\es@quotdepth=\count294
Package babel Info: Making " an active character on input line 570.
Package babel Info: Making . an active character on input line 675.
Package babel Info: Making < an active character on input line 722.
Package babel Info: Making > an active character on input line 722.
)) (C:\Users\selui\AppData\Local\Programs\MiKTeX\tex/latex/float\float.sty
Package: float 2001/11/08 v1.3d Float enhancements (AL)
\c@float@type=\count295
\float@exts=\toks29
\float@box=\box61
\@float@everytoks=\toks30
\@floatcapt=\box62
)
(C:\Users\selui\AppData\Local\Programs\MiKTeX\tex/latex/graphics\color.sty
Package: color 2021/12/07 v1.3c Standard LaTeX Color (DPC)

(C:\Users\selui\AppData\Local\Programs\MiKTeX\tex/latex/graphics-cfg\color.cfg
File: color.cfg 2016/01/02 v1.6 sample color configuration
)
Package color Info: Driver file: pdftex.def on input line 149.

(C:\Users\selui\AppData\Local\Programs\MiKTeX\tex/latex/graphics-def\pdftex.def
File: pdftex.def 2020/10/05 v1.2a Graphics/color driver for pdftex
))
(C:\Users\selui\AppData\Local\Programs\MiKTeX\tex/latex/footmisc\footmisc.sty
Package: footmisc 2022/03/08 v6.0d a miscellany of footnote facilities
\FN@temptoken=\toks31
\footnotemargin=\dimen167
\@outputbox@depth=\dimen168

(C:\Users\selui\AppData\Local\Programs\MiKTeX\tex/latex/bigfoot\perpage.sty
Package: perpage 2014/10/25 2.0 Reset/sort counters per page
\c@abspage=\count296
)
\c@pp@a@footnote=\count297
Package footmisc Info: Declaring symbol style bringhurst on input line 695.
Package footmisc Info: Declaring symbol style chicago on input line 703.
Package footmisc Info: Declaring symbol style wiley on input line 712.
Package footmisc Info: Declaring symbol style lamport-robust on input line 723.

Package footmisc Info: Declaring symbol style lamport* on input line 743.
Package footmisc Info: Declaring symbol style lamport*-robust on input line 764
.
)
(C:\Users\selui\AppData\Local\Programs\MiKTeX\tex/latex/base\ifthen.sty
Package: ifthen 2020/11/24 v1.1c Standard LaTeX ifthen package (DPC)
)
(C:\Users\selui\AppData\Local\Programs\MiKTeX\tex/latex/tools\multicol.sty
Package: multicol 2021/10/28 v1.9b multicolumn formatting (FMi)
\c@tracingmulticols=\count298
\mult@box=\box63
\multicol@leftmargin=\dimen169
\c@unbalance=\count299
\c@collectmore=\count300
\doublecol@number=\count301
\multicoltolerance=\count302
\multicolpretolerance=\count303
\full@width=\dimen170
\page@free=\dimen171
\premulticols=\dimen172
\postmulticols=\dimen173
\multicolsep=\skip71
\multicolbaselineskip=\skip72
\partial@page=\box64
\last@line=\box65
\maxbalancingoverflow=\dimen174
\mult@rightbox=\box66
\mult@grightbox=\box67
\mult@firstbox=\box68
\mult@gfirstbox=\box69
\@tempa=\box70
\@tempa=\box71
\@tempa=\box72
\@tempa=\box73
\@tempa=\box74
\@tempa=\box75
\@tempa=\box76
\@tempa=\box77
\@tempa=\box78
\@tempa=\box79
\@tempa=\box80
\@tempa=\box81
\@tempa=\box82
\@tempa=\box83
\@tempa=\box84
\@tempa=\box85
\@tempa=\box86
\@tempa=\box87
\@tempa=\box88
\@tempa=\box89
\@tempa=\box90
\@tempa=\box91
\@tempa=\box92
\@tempa=\box93
\@tempa=\box94
\@tempa=\box95
\@tempa=\box96
\@tempa=\box97
\@tempa=\box98
\@tempa=\box99
\@tempa=\box100
\@tempa=\box101
\@tempa=\box102
\@tempa=\box103
\@tempa=\box104
\@tempa=\box105
\c@minrows=\count304
\c@columnbadness=\count305
\c@finalcolumnbadness=\count306
\last@try=\dimen175
\multicolovershoot=\dimen176
\multicolundershoot=\dimen177
\mult@nat@firstbox=\box106
\colbreak@box=\box107
\mc@col@check@num=\count307
)
(C:\Users\selui\AppData\Local\Programs\MiKTeX\tex/latex/tocbibind\tocbibind.sty
Package: tocbibind 2010/10/13 v1.5k extra ToC listings
Package tocbibind Info: The document has chapter divisions on input line 50.

Package tocbibind Note: Using chapter style headings, unless overridden.

) (C:\Users\selui\AppData\Local\Programs\MiKTeX\tex/latex/titlesec\titlesec.sty
Package: titlesec 2021/07/05 v2.14 Sectioning titles
\ttl@box=\box108
\beforetitleunit=\skip73
\aftertitleunit=\skip74
\ttl@plus=\dimen178
\ttl@minus=\dimen179
\ttl@toksa=\toks32
\titlewidth=\dimen180
\titlewidthlast=\dimen181
\titlewidthfirst=\dimen182
) (C:\Users\selui\AppData\Local\Programs\MiKTeX\tex/generic/iftex\ifpdf.sty
Package: ifpdf 2019/10/25 v3.4 ifpdf legacy package. Use iftex instead.

(C:\Users\selui\AppData\Local\Programs\MiKTeX\tex/generic/iftex\iftex.sty
Package: iftex 2022/02/03 v1.0f TeX engine tests
))
(C:\Users\selui\AppData\Local\Programs\MiKTeX\tex/latex/hyperref\hyperref.sty
Package: hyperref 2022-02-21 v7.00n Hypertext links for LaTeX

(C:\Users\selui\AppData\Local\Programs\MiKTeX\tex/generic/ltxcmds\ltxcmds.sty
Package: ltxcmds 2020-05-10 v1.25 LaTeX kernel commands for general use (HO)
)
(C:\Users\selui\AppData\Local\Programs\MiKTeX\tex/generic/pdftexcmds\pdftexcmds
.sty
Package: pdftexcmds 2020-06-27 v0.33 Utility functions of pdfTeX for LuaTeX (HO
)

(C:\Users\selui\AppData\Local\Programs\MiKTeX\tex/generic/infwarerr\infwarerr.s
ty
Package: infwarerr 2019/12/03 v1.5 Providing info/warning/error messages (HO)
)
Package pdftexcmds Info: \pdf@primitive is available.
Package pdftexcmds Info: \pdf@ifprimitive is available.
Package pdftexcmds Info: \pdfdraftmode found.
)
(C:\Users\selui\AppData\Local\Programs\MiKTeX\tex/generic/kvsetkeys\kvsetkeys.s
ty
Package: kvsetkeys 2019/12/15 v1.18 Key value parser (HO)
)
(C:\Users\selui\AppData\Local\Programs\MiKTeX\tex/generic/kvdefinekeys\kvdefine
keys.sty
Package: kvdefinekeys 2019-12-19 v1.6 Define keys (HO)
)
(C:\Users\selui\AppData\Local\Programs\MiKTeX\tex/generic/pdfescape\pdfescape.s
ty
Package: pdfescape 2019/12/09 v1.15 Implements pdfTeX's escape features (HO)
) (C:\Users\selui\AppData\Local\Programs\MiKTeX\tex/latex/hycolor\hycolor.sty
Package: hycolor 2020-01-27 v1.10 Color options for hyperref/bookmark (HO)
)
(C:\Users\selui\AppData\Local\Programs\MiKTeX\tex/latex/letltxmacro\letltxmacro
.sty
Package: letltxmacro 2019/12/03 v1.6 Let assignment for LaTeX macros (HO)
)
(C:\Users\selui\AppData\Local\Programs\MiKTeX\tex/latex/auxhook\auxhook.sty
Package: auxhook 2019-12-17 v1.6 Hooks for auxiliary files (HO)
)
(C:\Users\selui\AppData\Local\Programs\MiKTeX\tex/latex/kvoptions\kvoptions.sty
Package: kvoptions 2022-06-15 v3.15 Key value format for package options (HO)
)
\@linkdim=\dimen183
\Hy@linkcounter=\count308
\Hy@pagecounter=\count309
 (C:\Users\selui\AppData\Local\Programs\MiKTeX\tex/latex/hyperref\pd1enc.def
File: pd1enc.def 2022-02-21 v7.00n Hyperref: PDFDocEncoding definition (HO)
Now handling font encoding PD1 ...
... no UTF-8 mapping file for font encoding PD1
)
(C:\Users\selui\AppData\Local\Programs\MiKTeX\tex/generic/intcalc\intcalc.sty
Package: intcalc 2019/12/15 v1.3 Expandable calculations with integers (HO)
)
(C:\Users\selui\AppData\Local\Programs\MiKTeX\tex/generic/etexcmds\etexcmds.sty
Package: etexcmds 2019/12/15 v1.7 Avoid name clashes with e-TeX commands (HO)
)
\Hy@SavedSpaceFactor=\count310
 (C:\Users\selui\AppData\Local\Programs\MiKTeX\tex/latex/hyperref\puenc.def
File: puenc.def 2022-02-21 v7.00n Hyperref: PDF Unicode definition (HO)
Now handling font encoding PU ...
... no UTF-8 mapping file for font encoding PU
)
Package hyperref Info: Option `plainpages' set `false' on input line 4018.
Package hyperref Info: Option `pdfpagelabels' set `true' on input line 4018.
Package hyperref Info: Option `bookmarks' set `true' on input line 4018.
Package hyperref Info: Option `bookmarksopen' set `true' on input line 4018.
Package hyperref Info: Option `bookmarksnumbered' set `true' on input line 4018
.
Package hyperref Info: Option `breaklinks' set `true' on input line 4018.
Package hyperref Info: Option `linktocpage' set `true' on input line 4018.
Package hyperref Info: Option `colorlinks' set `true' on input line 4018.
Package hyperref Info: Option `hyperindex' set `true' on input line 4018.
Package hyperref Info: Option `hyperfigures' set `true' on input line 4018.
Package hyperref Info: Hyper figures ON on input line 4135.
Package hyperref Info: Link nesting OFF on input line 4142.
Package hyperref Info: Hyper index ON on input line 4145.
Package hyperref Info: Plain pages OFF on input line 4152.
Package hyperref Info: Backreferencing ON on input line 4155.
Package hyperref Info: Implicit mode ON; LaTeX internals redefined.
Package hyperref Info: Bookmarks ON on input line 4390.

(C:\Users\selui\AppData\Local\Programs\MiKTeX\tex/latex/hyperref\backref.sty
Package: backref 2021/02/04 v1.41 Bibliographical back referencing

(C:\Users\selui\AppData\Local\Programs\MiKTeX\tex/latex/rerunfilecheck\rerunfil
echeck.sty
Package: rerunfilecheck 2019/12/05 v1.9 Rerun checks for auxiliary files (HO)

(C:\Users\selui\AppData\Local\Programs\MiKTeX\tex/latex/base\atveryend-ltx.sty
Package: atveryend-ltx 2020/08/19 v1.0a Emulation of the original atveryend pac
kage
with kernel methods
)
(C:\Users\selui\AppData\Local\Programs\MiKTeX\tex/generic/uniquecounter\uniquec
ounter.sty
Package: uniquecounter 2019/12/15 v1.4 Provide unlimited unique counter (HO)

(C:\Users\selui\AppData\Local\Programs\MiKTeX\tex/generic/bigintcalc\bigintcalc
.sty
Package: bigintcalc 2019/12/15 v1.5 Expandable calculations on big integers (HO
)
))
Package uniquecounter Info: New unique counter `rerunfilecheck' on input line 2
86.
))
\c@Hy@tempcnt=\count311
 (C:\Users\selui\AppData\Local\Programs\MiKTeX\tex/latex/url\url.sty
\Urlmuskip=\muskip20
Package: url 2013/09/16  ver 3.4  Verb mode for urls, etc.
)
LaTeX Info: Redefining \url on input line 4749.
\XeTeXLinkMargin=\dimen184

(C:\Users\selui\AppData\Local\Programs\MiKTeX\tex/generic/bitset\bitset.sty
Package: bitset 2019/12/09 v1.3 Handle bit-vector datatype (HO)
)
\Fld@menulength=\count312
\Field@Width=\dimen185
\Fld@charsize=\dimen186
Package hyperref Info: Hyper figures ON on input line 6025.
Package hyperref Info: Link nesting OFF on input line 6032.
Package hyperref Info: Hyper index ON on input line 6035.
Package hyperref Info: backreferencing ON on input line 6040.
Package hyperref Info: Link coloring ON on input line 6045.
Package hyperref Info: Link coloring with OCG OFF on input line 6052.
Package hyperref Info: PDF/A mode OFF on input line 6057.
LaTeX Info: Redefining \ref on input line 6097.
LaTeX Info: Redefining \pageref on input line 6101.

(C:\Users\selui\AppData\Local\Programs\MiKTeX\tex/latex/base\atbegshi-ltx.sty
Package: atbegshi-ltx 2021/01/10 v1.0c Emulation of the original atbegshi
package with kernel methods
)
\Hy@abspage=\count313
\c@Item=\count314
\c@Hfootnote=\count315
)
Package hyperref Info: Driver: hpdftex.
(C:\Users\selui\AppData\Local\Programs\MiKTeX\tex/latex/hyperref\hpdftex.def
File: hpdftex.def 2022-02-21 v7.00n Hyperref driver for pdfTeX
\Fld@listcount=\count316
\c@bookmark@seq@number=\count317
\Hy@SectionHShift=\skip75
)
(C:\Users\selui\AppData\Local\Programs\MiKTeX\tex/latex/graphics\graphicx.sty
Package: graphicx 2021/09/16 v1.2d Enhanced LaTeX Graphics (DPC,SPQR)

(C:\Users\selui\AppData\Local\Programs\MiKTeX\tex/latex/graphics\graphics.sty
Package: graphics 2021/03/04 v1.4d Standard LaTeX Graphics (DPC,SPQR)

(C:\Users\selui\AppData\Local\Programs\MiKTeX\tex/latex/graphics\trig.sty
Package: trig 2021/08/11 v1.11 sin cos tan (DPC)
)
(C:\Users\selui\AppData\Local\Programs\MiKTeX\tex/latex/graphics-cfg\graphics.c
fg
File: graphics.cfg 2016/06/04 v1.11 sample graphics configuration
)
Package graphics Info: Driver file: pdftex.def on input line 107.
)
\Gin@req@height=\dimen187
\Gin@req@width=\dimen188
))
(C:\Users\selui\AppData\Local\Programs\MiKTeX\tex/latex/blindtext\blindtext.sty
Package: blindtext 2012/01/06 V2.0 blindtext-Package
(C:\Users\selui\AppData\Local\Programs\MiKTeX\tex/latex/tools\xspace.sty
Package: xspace 2014/10/28 v1.13 Space after command names (DPC,MH)
)
\c@blindtext=\count318
\c@Blindtext=\count319
\c@blind@countparstart=\count320
\blind@countxx=\count321
\blindtext@numBlindtext=\count322
\blind@countyy=\count323
\c@blindlist=\count324
\c@blindlistlevel=\count325
\c@blindlist@level=\count326
\blind@listitem=\count327
\c@blind@listcount=\count328
\c@blind@levelcount=\count329
\blind@mathformula=\count330
\blind@Mathformula=\count331
\c@blind@randomcount=\count332
\c@blind@randommax=\count333
\c@blind@pangramcount=\count334
\c@blind@pangrammax=\count335
)
(C:\Users\selui\AppData\Local\Programs\MiKTeX\tex/latex/natbib\natbib.sty
Package: natbib 2010/09/13 8.31b (PWD, AO)
\bibhang=\skip76
\bibsep=\skip77
LaTeX Info: Redefining \cite on input line 694.
\c@NAT@ctr=\count336
)

LaTeX Warning: \include should only be used after \begin{document} on input lin
e 25.

(Latex/Macros/MacroFile1.tex)
(C:\Users\selui\AppData\Local\Programs\MiKTeX\tex/latex/l3backend\l3backend-pdf
tex.def
File: l3backend-pdftex.def 2022-02-07 L3 backend support: PDF output (pdfTeX)
\l__color_backend_stack_int=\count337
\l__pdf_internal_box=\box109
) (documentoprincipal.aux
LaTeX Info: Redefining \. on input line 25.
LaTeX Info: Redefining \% on input line 25.
 (Prologo/Declaracion.aux)
(Prologo/Comiteevaluador.aux) (Prologo/Resumen.aux)
(Capitulo1/generalidades.aux) (Capitulo2/marco_teorico.aux

LaTeX Warning: Label `tabla:Eventosdeinicio' multiply defined.

) (Capitulo3/modelado.aux) (Capitulo4/modelado2.aux

LaTeX Warning: Label `listasSp' multiply defined.

) (Capitulo5/artefaco.aux) (Capitulo6/conclusiones.aux)
(Anexos/Anexo01/anexo.aux))
\openout1 = `documentoprincipal.aux'.

LaTeX Font Info:    Checking defaults for OML/cmm/m/it on input line 55.
LaTeX Font Info:    ... okay on input line 55.
LaTeX Font Info:    Checking defaults for OMS/cmsy/m/n on input line 55.
LaTeX Font Info:    ... okay on input line 55.
LaTeX Font Info:    Checking defaults for OT1/cmr/m/n on input line 55.
LaTeX Font Info:    ... okay on input line 55.
LaTeX Font Info:    Checking defaults for T1/cmr/m/n on input line 55.
LaTeX Font Info:    ... okay on input line 55.
LaTeX Font Info:    Checking defaults for TS1/cmr/m/n on input line 55.
LaTeX Font Info:    ... okay on input line 55.
LaTeX Font Info:    Checking defaults for OMX/cmex/m/n on input line 55.
LaTeX Font Info:    ... okay on input line 55.
LaTeX Font Info:    Checking defaults for U/cmr/m/n on input line 55.
LaTeX Font Info:    ... okay on input line 55.
LaTeX Font Info:    Checking defaults for PD1/pdf/m/n on input line 55.
LaTeX Font Info:    ... okay on input line 55.
LaTeX Font Info:    Checking defaults for PU/pdf/m/n on input line 55.
LaTeX Font Info:    ... okay on input line 55.
\c@lstlisting=\count338
Package caption Info: Begin \AtBeginDocument code.
Package caption Info: float package is loaded.
Package caption Info: hyperref package is loaded.
Package caption Info: subfigure package is loaded.
Package caption Info: End \AtBeginDocument code.
LaTeX Info: Redefining \. on input line 55.
LaTeX Info: Redefining \% on input line 55.

(C:\Users\selui\AppData\Local\Programs\MiKTeX\tex/context/base/mkii\supp-pdf.mk
ii
[Loading MPS to PDF converter (version 2006.09.02).]
\scratchcounter=\count339
\scratchdimen=\dimen189
\scratchbox=\box110
\nofMPsegments=\count340
\nofMParguments=\count341
\everyMPshowfont=\toks33
\MPscratchCnt=\count342
\MPscratchDim=\dimen190
\MPnumerator=\count343
\makeMPintoPDFobject=\count344
\everyMPtoPDFconversion=\toks34
)
(C:\Users\selui\AppData\Local\Programs\MiKTeX\tex/latex/epstopdf-pkg\epstopdf-b
ase.sty
Package: epstopdf-base 2020-01-24 v2.11 Base part for package epstopdf

(C:\Users\selui\AppData\Local\Programs\MiKTeX\tex/latex/grfext\grfext.sty
Package: grfext 2019/12/03 v1.3 Manage graphics extensions (HO)
)
Package epstopdf-base Info: Redefining graphics rule for `.eps' on input line 4
85.
Package grfext Info: Graphics extension search list:
(grfext)             [.png,.jpg,.pdf,.eps]
(grfext)             \AppendGraphicsExtensions on input line 504.

(C:\Users\selui\AppData\Local\Programs\MiKTeX\tex/latex/00miktex\epstopdf-sys.c
fg
File: epstopdf-sys.cfg 2021/03/18 v2.0 Configuration of epstopdf for MiKTeX
))
Package backref Info: ** backref set up for natbib ** on input line 55.
Package hyperref Info: Link coloring ON on input line 55.

(C:\Users\selui\AppData\Local\Programs\MiKTeX\tex/latex/hyperref\nameref.sty
Package: nameref 2021-04-02 v2.47 Cross-referencing by name of section

(C:\Users\selui\AppData\Local\Programs\MiKTeX\tex/latex/refcount\refcount.sty
Package: refcount 2019/12/15 v3.6 Data extraction from label references (HO)
)
(C:\Users\selui\AppData\Local\Programs\MiKTeX\tex/generic/gettitlestring\gettit
lestring.sty
Package: gettitlestring 2019/12/15 v1.6 Cleanup title references (HO)
)
\c@section@level=\count345
)
LaTeX Info: Redefining \ref on input line 55.
LaTeX Info: Redefining \pageref on input line 55.
LaTeX Info: Redefining \nameref on input line 55.
 (documentoprincipal.out) (documentoprincipal.out)
\@outlinefile=\write3
\openout3 = `documentoprincipal.out'.

<Prologo/imagenes/escudocolor.jpg, id=331, 498.1812pt x 659.8251pt>
File: Prologo/imagenes/escudocolor.jpg Graphic file (type jpg)
<use Prologo/imagenes/escudocolor.jpg>
Package pdftex.def Info: Prologo/imagenes/escudocolor.jpg  used on input line 5
7.
(pdftex.def)             Requested size: 85.92874pt x 113.81102pt.

Overfull \hbox (0.57048pt too wide) in paragraph at lines 57--57
 [] 
 []

<Prologo/imagenes/escudogriseslineas.jpg, id=332, 1556.81625pt x 2061.95343pt>
File: Prologo/imagenes/escudogriseslineas.jpg Graphic file (type jpg)
<use Prologo/imagenes/escudogriseslineas.jpg>
Package pdftex.def Info: Prologo/imagenes/escudogriseslineas.jpg  used on input
 line 57.
(pdftex.def)             Requested size: 55.84818pt x 73.97733pt.
LaTeX Font Info:    Trying to load font information for U+msa on input line 57.

(C:\Users\selui\AppData\Local\Programs\MiKTeX\tex/latex/amsfonts\umsa.fd
File: umsa.fd 2013/01/14 v3.01 AMS symbols A
)
LaTeX Font Info:    Trying to load font information for U+msb on input line 57.


(C:\Users\selui\AppData\Local\Programs\MiKTeX\tex/latex/amsfonts\umsb.fd
File: umsb.fd 2013/01/14 v3.01 AMS symbols B
)
LaTeX Font Info:    Trying to load font information for U+rsfs on input line 57
.

(C:\Users\selui\AppData\Local\Programs\MiKTeX\tex/latex/jknappen\ursfs.fd
File: ursfs.fd 1998/03/24 rsfs font definition file (jk)
)
Overfull \vbox (296.1466pt too high) detected at line 57
 []


Overfull \hbox (17.1013pt too wide) detected at line 57
\OT1/cmr/m/n/24.88 TRABAJO DE GRADO
 []


Overfull \vbox (277.57819pt too high) detected at line 57
 []

[1

{C:/Users/selui/AppData/Local/MiKTeX/fonts/map/pdftex/pdftex.map} <./Prologo/im
agenes/escudocolor.jpg> <./Prologo/imagenes/escudogriseslineas.jpg>]
\openout2 = `Prologo/Declaracion.aux'.


(Prologo/Declaracion.tex [2

] [3

])
\openout2 = `Prologo/Comiteevaluador.aux'.

 (Prologo/Comiteevaluador.tex [4



] [5

])
\openout2 = `Prologo/Resumen.aux'.


(Prologo/Resumen.tex [6



]
Underfull \hbox (badness 10000) in paragraph at lines 2--3

 []

[7

]) [8



] (documentoprincipal.toc
LaTeX Info: Redefining \. on input line 1.
LaTeX Info: Redefining \% on input line 1.


LaTeX Font Warning: Font shape `OT1/cmr/bx/sc' undefined
(Font)              using `OT1/cmr/bx/n' instead on input line 2.


Package spanish Warning: Replacing `OT1/cmr/bx/sc' by 
(spanish)                faked small caps on input line 2.


Package spanish Warning: Replacing `OT1/cmr/bx/sc' by 
(spanish)                faked small caps on input line 3.

[9]
LaTeX Info: Redefining \. on input line 75.
LaTeX Info: Redefining \% on input line 75.
 [10])
\tf@toc=\write4
\openout4 = `documentoprincipal.toc'.

LaTeX Info: Redefining \. on input line 76.
LaTeX Info: Redefining \% on input line 76.
 [11] [12

] (documentoprincipal.lof
LaTeX Info: Redefining \. on input line 1.
LaTeX Info: Redefining \% on input line 1.
 [13]
LaTeX Info: Redefining \. on input line 79.
LaTeX Info: Redefining \% on input line 79.
 [14])
\tf@lof=\write5
\openout5 = `documentoprincipal.lof'.

LaTeX Info: Redefining \. on input line 77.
LaTeX Info: Redefining \% on input line 77.
 [15] [16

]
(documentoprincipal.lot
LaTeX Info: Redefining \. on input line 1.
LaTeX Info: Redefining \% on input line 1.
)
\tf@lot=\write6
\openout6 = `documentoprincipal.lot'.

 [17] [18

]
\openout2 = `Capitulo1/generalidades.aux'.

 (Capitulo1/generalidades.tex
Cap\'{\i }tulo 1.
[1


]
LaTeX Info: Redefining \. on input line 55.
LaTeX Info: Redefining \% on input line 55.
 [2]
LaTeX Info: Redefining \. on input line 76.
LaTeX Info: Redefining \% on input line 76.
 [3])
LaTeX Info: Redefining \. on input line 86.
LaTeX Info: Redefining \% on input line 86.
 [4]
\openout2 = `Capitulo2/marco_teorico.aux'.

 (Capitulo2/marco_teorico.tex
Cap\'{\i }tulo 2.
[5




]
LaTeX Info: Redefining \. on input line 41.
LaTeX Info: Redefining \% on input line 41.
 [6]
LaTeX Info: Redefining \. on input line 57.
LaTeX Info: Redefining \% on input line 57.
 [7]
Overfull \hbox (1.18645pt too wide) in paragraph at lines 83--84
[]\OT1/cmr/bx/sc/10.95 Notaci^^Son| 
 []

<Capitulo2/imagenes/Evento2.png, id=776, 121.95563pt x 118.94438pt>
File: Capitulo2/imagenes/Evento2.png Graphic file (type png)
<use Capitulo2/imagenes/Evento2.png>
Package pdftex.def Info: Capitulo2/imagenes/Evento2.png  used on input line 86.

(pdftex.def)             Requested size: 24.39069pt x 23.78845pt.

Overfull \hbox (3.70573pt too wide) in paragraph at lines 89--89
[]\OT1/cmr/m/n/10 Temporizador
 []

<Capitulo2/imagenes/EventoT.png, id=778, 124.96687pt x 122.70844pt>
File: Capitulo2/imagenes/EventoT.png Graphic file (type png)
<use Capitulo2/imagenes/EventoT.png>
Package pdftex.def Info: Capitulo2/imagenes/EventoT.png  used on input line 89.

(pdftex.def)             Requested size: 24.99292pt x 24.54124pt.
<Capitulo2/imagenes/EventoM.png, id=779, 122.70844pt x 127.22531pt>
File: Capitulo2/imagenes/EventoM.png Graphic file (type png)
<use Capitulo2/imagenes/EventoM.png>
Package pdftex.def Info: Capitulo2/imagenes/EventoM.png  used on input line 92.

(pdftex.def)             Requested size: 24.54124pt x 25.4446pt.
<Capitulo2/imagenes/EventoS.png, id=780, 124.96687pt x 152.82094pt>
File: Capitulo2/imagenes/EventoS.png Graphic file (type png)
<use Capitulo2/imagenes/EventoS.png>
Package pdftex.def Info: Capitulo2/imagenes/EventoS.png  used on input line 95.

(pdftex.def)             Requested size: 24.99292pt x 30.56363pt.
<Capitulo2/imagenes/Eventoc.png, id=781, 122.70844pt x 120.45pt>
File: Capitulo2/imagenes/Eventoc.png Graphic file (type png)
<use Capitulo2/imagenes/Eventoc.png>
Package pdftex.def Info: Capitulo2/imagenes/Eventoc.png  used on input line 98.

(pdftex.def)             Requested size: 24.54124pt x 24.08957pt.
<Capitulo2/imagenes/EventoMul.png, id=782, 131.74219pt x 121.20282pt>
File: Capitulo2/imagenes/EventoMul.png Graphic file (type png)
<use Capitulo2/imagenes/EventoMul.png>
Package pdftex.def Info: Capitulo2/imagenes/EventoMul.png  used on input line 1
01.
(pdftex.def)             Requested size: 26.34796pt x 24.24013pt.
LaTeX Info: Redefining \. on input line 107.
LaTeX Info: Redefining \% on input line 107.
[8]
Overfull \hbox (7.94652pt too wide) in paragraph at lines 117--118
[]\OT1/cmr/bx/sc/10.95 Recepci^^Son| 
 []

<Capitulo2/imagenes/BasicoR.png, id=793, 113.67468pt x 110.66344pt>
File: Capitulo2/imagenes/BasicoR.png Graphic file (type png)
<use Capitulo2/imagenes/BasicoR.png>
Package pdftex.def Info: Capitulo2/imagenes/BasicoR.png  used on input line 120
.
(pdftex.def)             Requested size: 22.73453pt x 22.13228pt.

Overfull \hbox (3.70573pt too wide) in paragraph at lines 123--123
[]\OT1/cmr/m/n/10 Temporizador
 []

<Capitulo2/imagenes/TemporizadorR.png, id=794, 112.92188pt x 109.91063pt>
File: Capitulo2/imagenes/TemporizadorR.png Graphic file (type png)
<use Capitulo2/imagenes/TemporizadorR.png>
Package pdftex.def Info: Capitulo2/imagenes/TemporizadorR.png  used on input li
ne 123.
(pdftex.def)             Requested size: 22.58397pt x 21.98172pt.
<Capitulo2/imagenes/MensajeE.png, id=795, 117.43875pt x 116.68594pt>
File: Capitulo2/imagenes/MensajeE.png Graphic file (type png)
<use Capitulo2/imagenes/MensajeE.png>
Package pdftex.def Info: Capitulo2/imagenes/MensajeE.png  used on input line 12
7.
(pdftex.def)             Requested size: 23.48732pt x 23.33676pt.
<Capitulo2/imagenes/MensajeR.png, id=796, 116.68594pt x 117.43875pt>
File: Capitulo2/imagenes/MensajeR.png Graphic file (type png)
<use Capitulo2/imagenes/MensajeR.png>
Package pdftex.def Info: Capitulo2/imagenes/MensajeR.png  used on input line 12
7.
(pdftex.def)             Requested size: 23.33676pt x 23.48732pt.
<Capitulo2/imagenes/SeñalE.png, id=797, 121.95563pt x 109.91063pt>
File: Capitulo2/imagenes/SeñalE.png Graphic file (type png)
<use Capitulo2/imagenes/SeñalE.png>
Package pdftex.def Info: Capitulo2/imagenes/SeñalE.png  used on input line 131
.
(pdftex.def)             Requested size: 24.39069pt x 21.98172pt.
<Capitulo2/imagenes/SeñalR.png, id=798, 116.68594pt x 112.16907pt>
File: Capitulo2/imagenes/SeñalR.png Graphic file (type png)
<use Capitulo2/imagenes/SeñalR.png>
Package pdftex.def Info: Capitulo2/imagenes/SeñalR.png  used on input line 131
.
(pdftex.def)             Requested size: 23.33676pt x 22.43341pt.
<Capitulo2/imagenes/Error.png, id=799, 115.93312pt x 115.93312pt>
File: Capitulo2/imagenes/Error.png Graphic file (type png)
<use Capitulo2/imagenes/Error.png>
Package pdftex.def Info: Capitulo2/imagenes/Error.png  used on input line 135.
(pdftex.def)             Requested size: 23.1862pt x 23.1862pt.
<Capitulo2/imagenes/VinculoR.png, id=800, 118.19156pt x 116.68594pt>
File: Capitulo2/imagenes/VinculoR.png Graphic file (type png)
<use Capitulo2/imagenes/VinculoR.png>
Package pdftex.def Info: Capitulo2/imagenes/VinculoR.png  used on input line 13
9.
(pdftex.def)             Requested size: 23.63788pt x 23.33676pt.
<Capitulo2/imagenes/VinculoE.png, id=801, 118.94438pt x 113.67468pt>
File: Capitulo2/imagenes/VinculoE.png Graphic file (type png)
<use Capitulo2/imagenes/VinculoE.png>
Package pdftex.def Info: Capitulo2/imagenes/VinculoE.png  used on input line 13
9.
(pdftex.def)             Requested size: 23.78845pt x 22.73453pt.

Overfull \hbox (59.38089pt too wide) in paragraph at lines 113--142
 [][] 
 []

LaTeX Info: Redefining \. on input line 145.
LaTeX Info: Redefining \% on input line 145.
[9 <./Capitulo2/imagenes/Evento2.png> <./Capitulo2/imagenes/EventoT.png> <./Cap
itulo2/imagenes/EventoM.png> <./Capitulo2/imagenes/EventoS.png> <./Capitulo2/im
agenes/Eventoc.png> <./Capitulo2/imagenes/EventoMul.png>]
Overfull \hbox (1.18645pt too wide) in paragraph at lines 155--156
[]\OT1/cmr/bx/sc/10.95 Notaci^^Son| 
 []

<Capitulo2/imagenes/BasicoF.png, id=816, 129.48375pt x 124.21407pt>
File: Capitulo2/imagenes/BasicoF.png Graphic file (type png)
<use Capitulo2/imagenes/BasicoF.png>
Package pdftex.def Info: Capitulo2/imagenes/BasicoF.png  used on input line 158
.
(pdftex.def)             Requested size: 25.89629pt x 24.84236pt.
<Capitulo2/imagenes/MensajeF.png, id=817, 124.96687pt x 124.21407pt>
File: Capitulo2/imagenes/MensajeF.png Graphic file (type png)
<use Capitulo2/imagenes/MensajeF.png>
Package pdftex.def Info: Capitulo2/imagenes/MensajeF.png  used on input line 16
1.
(pdftex.def)             Requested size: 24.99292pt x 24.84236pt.
<Capitulo2/imagenes/SeñarT.png, id=818, 127.22531pt x 121.95563pt>
File: Capitulo2/imagenes/SeñarT.png Graphic file (type png)
<use Capitulo2/imagenes/SeñarT.png>
Package pdftex.def Info: Capitulo2/imagenes/SeñarT.png  used on input line 164
.
(pdftex.def)             Requested size: 25.4446pt x 24.39069pt.
<Capitulo2/imagenes/ErrorF.png, id=819, 125.71968pt x 124.21407pt>
File: Capitulo2/imagenes/ErrorF.png Graphic file (type png)
<use Capitulo2/imagenes/ErrorF.png>
Package pdftex.def Info: Capitulo2/imagenes/ErrorF.png  used on input line 167.

(pdftex.def)             Requested size: 25.14348pt x 24.84236pt.

Overfull \hbox (6.20575pt too wide) in paragraph at lines 170--170
[]\OT1/cmr/m/n/10 Compensaci^^Son
 []

<Capitulo2/imagenes/CompensacionF.png, id=820, 130.23656pt x 121.95563pt>
File: Capitulo2/imagenes/CompensacionF.png Graphic file (type png)
<use Capitulo2/imagenes/CompensacionF.png>
Package pdftex.def Info: Capitulo2/imagenes/CompensacionF.png  used on input li
ne 170.
(pdftex.def)             Requested size: 26.04684pt x 24.39069pt.
<Capitulo2/imagenes/EventoTer.png, id=821, 124.96687pt x 139.27031pt>
File: Capitulo2/imagenes/EventoTer.png Graphic file (type png)
<use Capitulo2/imagenes/EventoTer.png>
Package pdftex.def Info: Capitulo2/imagenes/EventoTer.png  used on input line 1
73.
(pdftex.def)             Requested size: 24.99292pt x 27.85356pt.
LaTeX Info: Redefining \. on input line 179.
LaTeX Info: Redefining \% on input line 179.
[10 <./Capitulo2/imagenes/BasicoR.png> <./Capitulo2/imagenes/TemporizadorR.png>
 <./Capitulo2/imagenes/MensajeE.png> <./Capitulo2/imagenes/MensajeR.png> <./Cap
itulo2/imagenes/SeñalE.png> <./Capitulo2/imagenes/SeñalR.png> <./Capitulo2/im
agenes/Error.png> <./Capitulo2/imagenes/VinculoR.png> <./Capitulo2/imagenes/Vin
culoE.png>]
Overfull \hbox (1.18645pt too wide) in paragraph at lines 188--189
[]\OT1/cmr/bx/sc/10.95 Notaci^^Son| 
 []

<Capitulo2/imagenes/gatewayE.png, id=839, 149.05687pt x 149.05687pt>
File: Capitulo2/imagenes/gatewayE.png Graphic file (type png)
<use Capitulo2/imagenes/gatewayE.png>
Package pdftex.def Info: Capitulo2/imagenes/gatewayE.png  used on input line 19
0.
(pdftex.def)             Requested size: 14.90656pt x 14.90656pt.

Underfull \hbox (badness 10000) in paragraph at lines 193--193
[]\OT1/cmr/m/n/10 Basada en
 []

<Capitulo2/imagenes/gatewayBE.png, id=840, 152.82094pt x 154.32657pt>
File: Capitulo2/imagenes/gatewayBE.png Graphic file (type png)
<use Capitulo2/imagenes/gatewayBE.png>
Package pdftex.def Info: Capitulo2/imagenes/gatewayBE.png  used on input line 1
93.
(pdftex.def)             Requested size: 15.28297pt x 15.43355pt.
<Capitulo2/imagenes/gatewayP.png, id=841, 147.55125pt x 152.82094pt>
File: Capitulo2/imagenes/gatewayP.png Graphic file (type png)
<use Capitulo2/imagenes/gatewayP.png>
Package pdftex.def Info: Capitulo2/imagenes/gatewayP.png  used on input line 19
6.
(pdftex.def)             Requested size: 14.75598pt x 15.28297pt.
<Capitulo2/imagenes/gatewayI.png, id=842, 149.05687pt x 178.41656pt>
File: Capitulo2/imagenes/gatewayI.png Graphic file (type png)
<use Capitulo2/imagenes/gatewayI.png>
Package pdftex.def Info: Capitulo2/imagenes/gatewayI.png  used on input line 19
9.
(pdftex.def)             Requested size: 14.90656pt x 17.8427pt.

Underfull \hbox (badness 1253) in paragraph at lines 202--202
[]\OT1/cmr/m/n/10 Comportamiento com-ple-jo de con-ver-gen-cia/-bi-fur-ca-ci^^S
on no
 []

<Capitulo2/imagenes/gatewayC.png, id=843, 152.82094pt x 153.57375pt>
File: Capitulo2/imagenes/gatewayC.png Graphic file (type png)
<use Capitulo2/imagenes/gatewayC.png>
Package pdftex.def Info: Capitulo2/imagenes/gatewayC.png  used on input line 20
2.
(pdftex.def)             Requested size: 15.28297pt x 15.35826pt.

Underfull \hbox (badness 10000) in paragraph at lines 206--206
[]\OT1/cmr/m/n/10 Exclusiva
 []


Underfull \hbox (badness 10000) in paragraph at lines 206--206
\OT1/cmr/m/n/10 ba-sa-da en
 []

<Capitulo2/imagenes/gatewayEBE.png, id=844, 148.30406pt x 149.8097pt>
File: Capitulo2/imagenes/gatewayEBE.png Graphic file (type png)
<use Capitulo2/imagenes/gatewayEBE.png>
Package pdftex.def Info: Capitulo2/imagenes/gatewayEBE.png  used on input line 
206.
(pdftex.def)             Requested size: 14.83127pt x 14.98184pt.

Underfull \hbox (badness 1642) in paragraph at lines 210--210
[]\OT1/cmr/m/n/10 Paralela ba-
 []

<Capitulo2/imagenes/gatewayPBE.png, id=845, 148.30406pt x 169.38281pt>
File: Capitulo2/imagenes/gatewayPBE.png Graphic file (type png)
<use Capitulo2/imagenes/gatewayPBE.png>
Package pdftex.def Info: Capitulo2/imagenes/gatewayPBE.png  used on input line 
210.
(pdftex.def)             Requested size: 14.83127pt x 16.93927pt.
LaTeX Info: Redefining \. on input line 216.
LaTeX Info: Redefining \% on input line 216.
[11 <./Capitulo2/imagenes/BasicoF.png> <./Capitulo2/imagenes/MensajeF.png> <./C
apitulo2/imagenes/SeñarT.png> <./Capitulo2/imagenes/ErrorF.png> <./Capitulo2/i
magenes/CompensacionF.png> <./Capitulo2/imagenes/EventoTer.png>]
<Capitulo2/imagenes/Actividad.png, id=859, 364.36125pt x 294.34969pt>
File: Capitulo2/imagenes/Actividad.png Graphic file (type png)
<use Capitulo2/imagenes/Actividad.png>
Package pdftex.def Info: Capitulo2/imagenes/Actividad.png  used on input line 2
25.
(pdftex.def)             Requested size: 72.87096pt x 58.86888pt.
LaTeX Info: Redefining \. on input line 229.
LaTeX Info: Redefining \% on input line 229.
 [12 <./Capitulo2/imagenes/gatewayE.png> <./Capitulo2/imagenes/gatewayBE.png> <
./Capitulo2/imagenes/gatewayP.png> <./Capitulo2/imagenes/gatewayI.png> <./Capit
ulo2/imagenes/gatewayC.png> <./Capitulo2/imagenes/gatewayEBE.png> <./Capitulo2/
imagenes/gatewayPBE.png>]
<Capitulo2/imagenes/tarea.png, id=872, 368.1253pt x 267.24844pt>
File: Capitulo2/imagenes/tarea.png Graphic file (type png)
<use Capitulo2/imagenes/tarea.png>
Package pdftex.def Info: Capitulo2/imagenes/tarea.png  used on input line 236.
(pdftex.def)             Requested size: 73.62375pt x 53.44873pt.
<Capitulo2/imagenes/Transaccion.png, id=874, 435.12563pt x 292.09125pt>
File: Capitulo2/imagenes/Transaccion.png Graphic file (type png)
<use Capitulo2/imagenes/Transaccion.png>
Package pdftex.def Info: Capitulo2/imagenes/Transaccion.png  used on input line
 244.
(pdftex.def)             Requested size: 87.02357pt x 58.4172pt.


LaTeX Warning: `h' float specifier changed to `ht'.

<Capitulo2/imagenes/SubPEvento.png, id=876, 424.58624pt x 283.81032pt>
File: Capitulo2/imagenes/SubPEvento.png Graphic file (type png)
<use Capitulo2/imagenes/SubPEvento.png>
Package pdftex.def Info: Capitulo2/imagenes/SubPEvento.png  used on input line 
254.
(pdftex.def)             Requested size: 84.91574pt x 56.76105pt.

LaTeX Warning: `h' float specifier changed to `ht'.

File: Capitulo2/imagenes/SubPEvento.png Graphic file (type png)
<use Capitulo2/imagenes/SubPEvento.png>
Package pdftex.def Info: Capitulo2/imagenes/SubPEvento.png  used on input line 
261.
(pdftex.def)             Requested size: 84.91574pt x 56.76105pt.
LaTeX Info: Redefining \. on input line 265.
LaTeX Info: Redefining \% on input line 265.
[13 <./Capitulo2/imagenes/Actividad.png> <./Capitulo2/imagenes/tarea.png>]
Overfull \hbox (1.18645pt too wide) in paragraph at lines 276--277
[]\OT1/cmr/bx/sc/10.95 Notaci^^Son| 
 []

<Capitulo2/imagenes/TUsuario.png, id=885, 316.93407pt x 255.95625pt>
File: Capitulo2/imagenes/TUsuario.png Graphic file (type png)
<use Capitulo2/imagenes/TUsuario.png>
Package pdftex.def Info: Capitulo2/imagenes/TUsuario.png  used on input line 27
8.
(pdftex.def)             Requested size: 31.69525pt x 25.59712pt.
<Capitulo2/imagenes/TManual.png, id=886, 317.68687pt x 252.945pt>
File: Capitulo2/imagenes/TManual.png Graphic file (type png)
<use Capitulo2/imagenes/TManual.png>
Package pdftex.def Info: Capitulo2/imagenes/TManual.png  used on input line 281
.
(pdftex.def)             Requested size: 31.77054pt x 25.29597pt.

Underfull \hbox (badness 10000) in paragraph at lines 284--284
[]\OT1/cmr/m/n/10 Env^^S^^Po de
 []

<Capitulo2/imagenes/TEMensaje.png, id=887, 316.93407pt x 250.68657pt>
File: Capitulo2/imagenes/TEMensaje.png Graphic file (type png)
<use Capitulo2/imagenes/TEMensaje.png>
Package pdftex.def Info: Capitulo2/imagenes/TEMensaje.png  used on input line 2
84.
(pdftex.def)             Requested size: 31.69525pt x 25.07011pt.
<Capitulo2/imagenes/TRMensaje.png, id=888, 313.9228pt x 258.9675pt>
File: Capitulo2/imagenes/TRMensaje.png Graphic file (type png)
<use Capitulo2/imagenes/TRMensaje.png>
Package pdftex.def Info: Capitulo2/imagenes/TRMensaje.png  used on input line 2
87.
(pdftex.def)             Requested size: 31.3941pt x 25.89825pt.
<Capitulo2/imagenes/TServicio.png, id=889, 317.68687pt x 264.99pt>
File: Capitulo2/imagenes/TServicio.png Graphic file (type png)
<use Capitulo2/imagenes/TServicio.png>
Package pdftex.def Info: Capitulo2/imagenes/TServicio.png  used on input line 2
90.
(pdftex.def)             Requested size: 31.77054pt x 26.50055pt.
<Capitulo2/imagenes/TRNegocio.png, id=890, 319.1925pt x 250.68657pt>
File: Capitulo2/imagenes/TRNegocio.png Graphic file (type png)
<use Capitulo2/imagenes/TRNegocio.png>
Package pdftex.def Info: Capitulo2/imagenes/TRNegocio.png  used on input line 2
93.
(pdftex.def)             Requested size: 31.92111pt x 25.07011pt.
<Capitulo2/imagenes/TScript.png, id=891, 312.41719pt x 267.24844pt>
File: Capitulo2/imagenes/TScript.png Graphic file (type png)
<use Capitulo2/imagenes/TScript.png>
Package pdftex.def Info: Capitulo2/imagenes/TScript.png  used on input line 296
.
(pdftex.def)             Requested size: 31.24355pt x 26.7264pt.
LaTeX Info: Redefining \. on input line 304.
LaTeX Info: Redefining \% on input line 304.
[14 <./Capitulo2/imagenes/Transaccion.png> <./Capitulo2/imagenes/SubPEvento.png
>]
LaTeX Info: Redefining \. on input line 313.
LaTeX Info: Redefining \% on input line 313.
 [15 <./Capitulo2/imagenes/TUsuario.png> <./Capitulo2/imagenes/TManual.png> <./
Capitulo2/imagenes/TEMensaje.png> <./Capitulo2/imagenes/TRMensaje.png> <./Capit
ulo2/imagenes/TServicio.png> <./Capitulo2/imagenes/TRNegocio.png> <./Capitulo2/
imagenes/TScript.png>]
<Capitulo2/imagenes/subprocesoC.png, id=914, 372.64218pt x 276.28218pt>
File: Capitulo2/imagenes/subprocesoC.png Graphic file (type png)
<use Capitulo2/imagenes/subprocesoC.png>
Package pdftex.def Info: Capitulo2/imagenes/subprocesoC.png  used on input line
 316.
(pdftex.def)             Requested size: 74.52711pt x 55.25545pt.
<Capitulo2/imagenes/Pool.png, id=918, 873.2625pt x 284.56313pt>
File: Capitulo2/imagenes/Pool.png Graphic file (type png)
<use Capitulo2/imagenes/Pool.png>
Package pdftex.def Info: Capitulo2/imagenes/Pool.png  used on input line 329.
(pdftex.def)             Requested size: 174.6494pt x 56.9116pt.
<Capitulo2/imagenes/Carril.png, id=921, 877.02657pt x 286.06876pt>
File: Capitulo2/imagenes/Carril.png Graphic file (type png)
<use Capitulo2/imagenes/Carril.png>
Package pdftex.def Info: Capitulo2/imagenes/Carril.png  used on input line 338.

(pdftex.def)             Requested size: 175.4022pt x 57.21272pt.
LaTeX Info: Redefining \. on input line 341.
LaTeX Info: Redefining \% on input line 341.
 [16 <./Capitulo2/imagenes/subprocesoC.png> <./Capitulo2/imagenes/Pool.png>]
<Capitulo2/imagenes/FlujoDeSecuencia.png, id=929, 633.11531pt x 45.92157pt>
File: Capitulo2/imagenes/FlujoDeSecuencia.png Graphic file (type png)
<use Capitulo2/imagenes/FlujoDeSecuencia.png>
Package pdftex.def Info: Capitulo2/imagenes/FlujoDeSecuencia.png  used on input
 line 350.
(pdftex.def)             Requested size: 126.6208pt x 9.18414pt.
<Capitulo2/imagenes/FlujoDeMensaje.png, id=930, 607.51968pt x 50.43843pt>
File: Capitulo2/imagenes/FlujoDeMensaje.png Graphic file (type png)
<use Capitulo2/imagenes/FlujoDeMensaje.png>
Package pdftex.def Info: Capitulo2/imagenes/FlujoDeMensaje.png  used on input l
ine 357.
(pdftex.def)             Requested size: 121.50177pt x 10.0875pt.
<Capitulo2/imagenes/Asociacion.png, id=931, 584.1825pt x 118.19156pt>
File: Capitulo2/imagenes/Asociacion.png Graphic file (type png)
<use Capitulo2/imagenes/Asociacion.png>
Package pdftex.def Info: Capitulo2/imagenes/Asociacion.png  used on input line 
364.
(pdftex.def)             Requested size: 116.83443pt x 23.63788pt.
<Capitulo2/imagenes/ObjetoDeDato.png, id=934, 174.6525pt x 212.29312pt>
File: Capitulo2/imagenes/ObjetoDeDato.png Graphic file (type png)
<use Capitulo2/imagenes/ObjetoDeDato.png>
Package pdftex.def Info: Capitulo2/imagenes/ObjetoDeDato.png  used on input lin
e 376.
(pdftex.def)             Requested size: 52.39615pt x 63.68842pt.
LaTeX Info: Redefining \. on input line 380.
LaTeX Info: Redefining \% on input line 380.
 [17 <./Capitulo2/imagenes/Carril.png> <./Capitulo2/imagenes/FlujoDeSecuencia.p
ng> <./Capitulo2/imagenes/FlujoDeMensaje.png> <./Capitulo2/imagenes/Asociacion.
png>]
<Capitulo2/imagenes/Grupo.png, id=945, 197.98969pt x 133.24782pt>
File: Capitulo2/imagenes/Grupo.png Graphic file (type png)
<use Capitulo2/imagenes/Grupo.png>
Package pdftex.def Info: Capitulo2/imagenes/Grupo.png  used on input line 384.
(pdftex.def)             Requested size: 59.39735pt x 39.97464pt.
<Capitulo2/imagenes/Anotacion.png, id=946, 709.90219pt x 241.65282pt>
File: Capitulo2/imagenes/Anotacion.png Graphic file (type png)
<use Capitulo2/imagenes/Anotacion.png>
Package pdftex.def Info: Capitulo2/imagenes/Anotacion.png  used on input line 3
92.
(pdftex.def)             Requested size: 212.97229pt x 72.4964pt.
LaTeX Info: Redefining \. on input line 407.
LaTeX Info: Redefining \% on input line 407.
 [18 <./Capitulo2/imagenes/ObjetoDeDato.png> <./Capitulo2/imagenes/Grupo.png> <
./Capitulo2/imagenes/Anotacion.png>]
LaTeX Info: Redefining \. on input line 431.
LaTeX Info: Redefining \% on input line 431.
 [19])
LaTeX Info: Redefining \. on input line 87.
LaTeX Info: Redefining \% on input line 87.
 [20]
LaTeX Info: Redefining \. on input line 87.
LaTeX Info: Redefining \% on input line 87.

[21]
\openout2 = `Capitulo3/modelado.aux'.

 (Capitulo3/modelado.tex [22




]
Cap\'{\i }tulo 3.
<Capitulo3/imagenes/diagram-Cajeros.png, id=993, 1722.435pt x 920.43875pt>
File: Capitulo3/imagenes/diagram-Cajeros.png Graphic file (type png)
<use Capitulo3/imagenes/diagram-Cajeros.png>
Package pdftex.def Info: Capitulo3/imagenes/diagram-Cajeros.png  used on input 
line 11.
(pdftex.def)             Requested size: 430.6077pt x 230.10912pt.

Overfull \hbox (18.04274pt too wide) in paragraph at lines 11--12
 [][] 
 []

[23]
<Capitulo3/imagenes/1.png, id=998, 243.91125pt x 243.15843pt>
File: Capitulo3/imagenes/1.png Graphic file (type png)
<use Capitulo3/imagenes/1.png>
Package pdftex.def Info: Capitulo3/imagenes/1.png  used on input line 30.
(pdftex.def)             Requested size: 121.95532pt x 121.57892pt.
LaTeX Info: Redefining \. on input line 34.
LaTeX Info: Redefining \% on input line 34.
 [24 <./Capitulo3/imagenes/diagram-Cajeros.png>]
<Capitulo3/imagenes/2.png, id=1004, 438.13687pt x 301.125pt>
File: Capitulo3/imagenes/2.png Graphic file (type png)
<use Capitulo3/imagenes/2.png>
Package pdftex.def Info: Capitulo3/imagenes/2.png  used on input line 39.
(pdftex.def)             Requested size: 219.06789pt x 150.56212pt.
<Capitulo3/imagenes/3.png, id=1005, 590.205pt x 349.305pt>
File: Capitulo3/imagenes/3.png Graphic file (type png)
<use Capitulo3/imagenes/3.png>
Package pdftex.def Info: Capitulo3/imagenes/3.png  used on input line 48.
(pdftex.def)             Requested size: 295.10178pt x 174.65207pt.
LaTeX Info: Redefining \. on input line 52.
LaTeX Info: Redefining \% on input line 52.
 [25 <./Capitulo3/imagenes/1.png> <./Capitulo3/imagenes/2.png>]
<Capitulo3/imagenes/4.png, id=1013, 289.83281pt x 265.74281pt>
File: Capitulo3/imagenes/4.png Graphic file (type png)
<use Capitulo3/imagenes/4.png>
Package pdftex.def Info: Capitulo3/imagenes/4.png  used on input line 56.
(pdftex.def)             Requested size: 144.91605pt x 132.87108pt.
<Capitulo3/imagenes/6.png, id=1014, 1165.35374pt x 416.30531pt>
File: Capitulo3/imagenes/6.png Graphic file (type png)
<use Capitulo3/imagenes/6.png>
Package pdftex.def Info: Capitulo3/imagenes/6.png  used on input line 68.
(pdftex.def)             Requested size: 431.17413pt x 154.03055pt.

Overfull \hbox (18.60918pt too wide) in paragraph at lines 68--69
 [][] 
 []

LaTeX Info: Redefining \. on input line 72.
LaTeX Info: Redefining \% on input line 72.
[26 <./Capitulo3/imagenes/3.png> <./Capitulo3/imagenes/4.png>]
<Capitulo3/imagenes/7.png, id=1021, 343.2825pt x 361.35pt>
File: Capitulo3/imagenes/7.png Graphic file (type png)
<use Capitulo3/imagenes/7.png>
Package pdftex.def Info: Capitulo3/imagenes/7.png  used on input line 76.
(pdftex.def)             Requested size: 127.01253pt x 133.6974pt.
LaTeX Info: Redefining \. on input line 88.
LaTeX Info: Redefining \% on input line 88.
 [27 <./Capitulo3/imagenes/6.png> <./Capitulo3/imagenes/7.png>]
<Capitulo3/imagenes/8.png, id=1028, 359.09157pt x 169.38281pt>
File: Capitulo3/imagenes/8.png Graphic file (type png)
<use Capitulo3/imagenes/8.png>
Package pdftex.def Info: Capitulo3/imagenes/8.png  used on input line 103.
(pdftex.def)             Requested size: 179.54533pt x 84.6912pt.
LaTeX Info: Redefining \. on input line 110.
LaTeX Info: Redefining \% on input line 110.
 [28 <./Capitulo3/imagenes/8.png>]
<Capitulo3/imagenes/f1.png, id=1038, 639.89063pt x 610.53094pt>
File: Capitulo3/imagenes/f1.png Graphic file (type png)
<use Capitulo3/imagenes/f1.png>
Package pdftex.def Info: Capitulo3/imagenes/f1.png  used on input line 119.
(pdftex.def)             Requested size: 191.96866pt x 183.16069pt.
<Capitulo3/imagenes/f2.png, id=1039, 641.39626pt x 539.01375pt>
File: Capitulo3/imagenes/f2.png Graphic file (type png)
<use Capitulo3/imagenes/f2.png>
Package pdftex.def Info: Capitulo3/imagenes/f2.png  used on input line 125.
(pdftex.def)             Requested size: 192.42035pt x 161.70537pt.
<Capitulo3/imagenes/f2.2.png, id=1040, 643.6547pt x 630.10406pt>
File: Capitulo3/imagenes/f2.2.png Graphic file (type png)
<use Capitulo3/imagenes/f2.2.png>
Package pdftex.def Info: Capitulo3/imagenes/f2.2.png  used on input line 131.
(pdftex.def)             Requested size: 193.0979pt x 189.03267pt.
LaTeX Info: Redefining \. on input line 134.
LaTeX Info: Redefining \% on input line 134.
 [29 <./Capitulo3/imagenes/f1.png>]
<Capitulo3/imagenes/f3.png, id=1046, 635.37375pt x 141.52875pt>
File: Capitulo3/imagenes/f3.png Graphic file (type png)
<use Capitulo3/imagenes/f3.png>
Package pdftex.def Info: Capitulo3/imagenes/f3.png  used on input line 137.
(pdftex.def)             Requested size: 190.61359pt x 42.45894pt.
<Capitulo3/imagenes/flujo1.png, id=1048, 466.74374pt x 261.22594pt>
File: Capitulo3/imagenes/flujo1.png Graphic file (type png)
<use Capitulo3/imagenes/flujo1.png>
Package pdftex.def Info: Capitulo3/imagenes/flujo1.png  used on input line 147.

(pdftex.def)             Requested size: 233.37129pt x 130.61264pt.
LaTeX Info: Redefining \. on input line 150.
LaTeX Info: Redefining \% on input line 150.
 [30 <./Capitulo3/imagenes/f2.png> <./Capitulo3/imagenes/f2.2.png> <./Capitulo3
/imagenes/f3.png>]
<Capitulo3/imagenes/flujo2.png, id=1057, 438.8897pt x 567.62062pt>
File: Capitulo3/imagenes/flujo2.png Graphic file (type png)
<use Capitulo3/imagenes/flujo2.png>
Package pdftex.def Info: Capitulo3/imagenes/flujo2.png  used on input line 155.

(pdftex.def)             Requested size: 219.4443pt x 283.8096pt.
LaTeX Info: Redefining \. on input line 159.
LaTeX Info: Redefining \% on input line 159.
 [31 <./Capitulo3/imagenes/flujo1.png>]
<Capitulo3/imagenes/flujo3.png, id=1065, 497.60907pt x 482.55281pt>
File: Capitulo3/imagenes/flujo3.png Graphic file (type png)
<use Capitulo3/imagenes/flujo3.png>
Package pdftex.def Info: Capitulo3/imagenes/flujo3.png  used on input line 163.

(pdftex.def)             Requested size: 248.80392pt x 241.2758pt.
LaTeX Info: Redefining \. on input line 167.
LaTeX Info: Redefining \% on input line 167.
 [32 <./Capitulo3/imagenes/flujo2.png>]
<Capitulo3/imagenes/flujo4.png, id=1072, 431.36156pt x 295.1025pt>
File: Capitulo3/imagenes/flujo4.png Graphic file (type png)
<use Capitulo3/imagenes/flujo4.png>
Package pdftex.def Info: Capitulo3/imagenes/flujo4.png  used on input line 172.

(pdftex.def)             Requested size: 215.68025pt x 147.55087pt.
LaTeX Info: Redefining \. on input line 178.
LaTeX Info: Redefining \% on input line 178.
 [33 <./Capitulo3/imagenes/flujo3.png> <./Capitulo3/imagenes/flujo4.png>]
<Capitulo3/imagenes/flujo5.png, id=1080, 416.30531pt x 575.90157pt>
File: Capitulo3/imagenes/flujo5.png Graphic file (type png)
<use Capitulo3/imagenes/flujo5.png>
Package pdftex.def Info: Capitulo3/imagenes/flujo5.png  used on input line 181.

(pdftex.def)             Requested size: 208.15215pt x 287.95007pt.
<Capitulo3/imagenes/flujo6.png, id=1082, 438.13687pt x 332.74312pt>
File: Capitulo3/imagenes/flujo6.png Graphic file (type png)
<use Capitulo3/imagenes/flujo6.png>
Package pdftex.def Info: Capitulo3/imagenes/flujo6.png  used on input line 190.

(pdftex.def)             Requested size: 219.06789pt x 166.37114pt.
LaTeX Info: Redefining \. on input line 194.
LaTeX Info: Redefining \% on input line 194.
 [34 <./Capitulo3/imagenes/flujo5.png>]
<Capitulo3/imagenes/flujo7.png, id=1089, 818.30719pt x 399.74344pt>
File: Capitulo3/imagenes/flujo7.png Graphic file (type png)
<use Capitulo3/imagenes/flujo7.png>
Package pdftex.def Info: Capitulo3/imagenes/flujo7.png  used on input line 199.

(pdftex.def)             Requested size: 409.15259pt x 199.87122pt.
<Capitulo3/imagenes/flujo9.png, id=1091, 389.95688pt x 237.13594pt>
File: Capitulo3/imagenes/flujo9.png Graphic file (type png)
<use Capitulo3/imagenes/flujo9.png>
Package pdftex.def Info: Capitulo3/imagenes/flujo9.png  used on input line 208.

(pdftex.def)             Requested size: 194.97795pt x 118.56767pt.
LaTeX Info: Redefining \. on input line 212.
LaTeX Info: Redefining \% on input line 212.
 [35 <./Capitulo3/imagenes/flujo6.png> <./Capitulo3/imagenes/flujo7.png>]
<Capitulo3/imagenes/flujo10.png, id=1099, 398.23781pt x 585.68813pt>
File: Capitulo3/imagenes/flujo10.png Graphic file (type png)
<use Capitulo3/imagenes/flujo10.png>
Package pdftex.def Info: Capitulo3/imagenes/flujo10.png  used on input line 217
.
(pdftex.def)             Requested size: 199.11841pt x 292.84334pt.
LaTeX Info: Redefining \. on input line 225.
LaTeX Info: Redefining \% on input line 225.
 [36 <./Capitulo3/imagenes/flujo9.png> <./Capitulo3/imagenes/flujo10.png>]
<Capitulo3/imagenes/flujo11.png, id=1107, 472.01344pt x 621.07031pt>
File: Capitulo3/imagenes/flujo11.png Graphic file (type png)
<use Capitulo3/imagenes/flujo11.png>
Package pdftex.def Info: Capitulo3/imagenes/flujo11.png  used on input line 228
.
(pdftex.def)             Requested size: 236.00613pt x 310.5344pt.
<Capitulo3/imagenes/flujo12.png, id=1109, 471.26062pt x 330.48468pt>
File: Capitulo3/imagenes/flujo12.png Graphic file (type png)
<use Capitulo3/imagenes/flujo12.png>
Package pdftex.def Info: Capitulo3/imagenes/flujo12.png  used on input line 237
.
(pdftex.def)             Requested size: 235.62973pt x 165.24193pt.
LaTeX Info: Redefining \. on input line 241.
LaTeX Info: Redefining \% on input line 241.

[37 <./Capitulo3/imagenes/flujo11.png>]
<Capitulo3/imagenes/flujo13.png, id=1116, 395.97937pt x 615.0478pt>
File: Capitulo3/imagenes/flujo13.png Graphic file (type png)
<use Capitulo3/imagenes/flujo13.png>
Package pdftex.def Info: Capitulo3/imagenes/flujo13.png  used on input line 246
.
(pdftex.def)             Requested size: 197.9892pt x 307.52315pt.
LaTeX Info: Redefining \. on input line 252.
LaTeX Info: Redefining \% on input line 252.
 [38 <./Capitulo3/imagenes/flujo12.png> <./Capitulo3/imagenes/flujo13.png>]
<Capitulo3/imagenes/flujo14.png, id=1124, 389.20406pt x 599.23875pt>
File: Capitulo3/imagenes/flujo14.png Graphic file (type png)
<use Capitulo3/imagenes/flujo14.png>
Package pdftex.def Info: Capitulo3/imagenes/flujo14.png  used on input line 255
.
(pdftex.def)             Requested size: 194.60155pt x 299.61864pt.

Underfull \hbox (badness 10000) in paragraph at lines 260--262

 []

<Capitulo3/imagenes/flujo15.png, id=1125, 393.72093pt x 576.65437pt>
File: Capitulo3/imagenes/flujo15.png Graphic file (type png)
<use Capitulo3/imagenes/flujo15.png>
Package pdftex.def Info: Capitulo3/imagenes/flujo15.png  used on input line 267
.
(pdftex.def)             Requested size: 196.85999pt x 288.32648pt.
LaTeX Info: Redefining \. on input line 271.
LaTeX Info: Redefining \% on input line 271.
[39 <./Capitulo3/imagenes/flujo14.png>]
<Capitulo3/imagenes/flujo16.png, id=1132, 799.48688pt x 637.63219pt>
File: Capitulo3/imagenes/flujo16.png Graphic file (type png)
<use Capitulo3/imagenes/flujo16.png>
Package pdftex.def Info: Capitulo3/imagenes/flujo16.png  used on input line 279
.
(pdftex.def)             Requested size: 399.74246pt x 318.8153pt.
)
LaTeX Info: Redefining \. on input line 88.
LaTeX Info: Redefining \% on input line 88.
 [40 <./Capitulo3/imagenes/flujo15.png>]
LaTeX Info: Redefining \. on input line 88.
LaTeX Info: Redefining \% on input line 88.
 [41 <./Capitulo3/imagenes/flujo16.png>]
\openout2 = `Capitulo4/modelado2.aux'.

 (Capitulo4/modelado2.tex [42




]
Cap\'{\i }tulo 4.

Overfull \hbox (10.28796pt too wide) in paragraph at lines 5--5
|[]\OT1/cmr/bx/n/14.4 Descripci^^Son del pro-ce-so (Au-to-ma-ti-za-ci^^Son ca-n
a-les BdB)| 
 []


Underfull \hbox (badness 10000) in paragraph at lines 6--7

 []


Underfull \hbox (badness 10000) in paragraph at lines 8--9

 []

[43]
Underfull \hbox (badness 10000) in paragraph at lines 31--32

 []

<Capitulo4/imagenes/diagram.png, id=1154, 2264.46pt x 1795.70876pt>
File: Capitulo4/imagenes/diagram.png Graphic file (type png)
<use Capitulo4/imagenes/diagram.png>
Package pdftex.def Info: Capitulo4/imagenes/diagram.png  used on input line 37.

(pdftex.def)             Requested size: 452.88399pt x 359.13539pt.

Overfull \hbox (40.31903pt too wide) in paragraph at lines 37--38
 [][] 
 []

LaTeX Info: Redefining \. on input line 47.
LaTeX Info: Redefining \% on input line 47.
[44]
LaTeX Info: Redefining \. on input line 47.
LaTeX Info: Redefining \% on input line 47.
 [45 <./Capitulo4/imagenes/diagram.png>]
<Capitulo4/imagenes/1.png, id=1170, 560.8453pt x 429.85594pt>
File: Capitulo4/imagenes/1.png Graphic file (type png)
<use Capitulo4/imagenes/1.png>
Package pdftex.def Info: Capitulo4/imagenes/1.png  used on input line 64.
(pdftex.def)             Requested size: 280.42197pt x 214.92744pt.
LaTeX Info: Redefining \. on input line 68.
LaTeX Info: Redefining \% on input line 68.
 [46]
<Capitulo4/imagenes/3.png, id=1178, 577.40718pt x 615.0478pt>
File: Capitulo4/imagenes/3.png Graphic file (type png)
<use Capitulo4/imagenes/3.png>
Package pdftex.def Info: Capitulo4/imagenes/3.png  used on input line 80.
(pdftex.def)             Requested size: 173.22348pt x 184.51576pt.
LaTeX Info: Redefining \. on input line 84.
LaTeX Info: Redefining \% on input line 84.
 [47 <./Capitulo4/imagenes/1.png>]
<Capitulo4/imagenes/11.png, id=1184, 189.70876pt x 383.93437pt>
File: Capitulo4/imagenes/11.png Graphic file (type png)
<use Capitulo4/imagenes/11.png>
Package pdftex.def Info: Capitulo4/imagenes/11.png  used on input line 94.
(pdftex.def)             Requested size: 94.85414pt x 191.9667pt.
LaTeX Info: Redefining \. on input line 98.
LaTeX Info: Redefining \% on input line 98.
 [48 <./Capitulo4/imagenes/3.png>]
<Capitulo4/imagenes/5.png, id=1193, 408.77719pt x 325.215pt>
File: Capitulo4/imagenes/5.png Graphic file (type png)
<use Capitulo4/imagenes/5.png>
Package pdftex.def Info: Capitulo4/imagenes/5.png  used on input line 102.
(pdftex.def)             Requested size: 204.38809pt x 162.6071pt.
<Capitulo4/imagenes/6.png, id=1194, 675.27281pt x 335.00156pt>
File: Capitulo4/imagenes/6.png Graphic file (type png)
<use Capitulo4/imagenes/6.png>
Package pdftex.def Info: Capitulo4/imagenes/6.png  used on input line 111.
(pdftex.def)             Requested size: 337.63557pt x 167.50037pt.
LaTeX Info: Redefining \. on input line 115.
LaTeX Info: Redefining \% on input line 115.
 [49 <./Capitulo4/imagenes/11.png> <./Capitulo4/imagenes/5.png>]
<Capitulo4/imagenes/7.png, id=1202, 272.51813pt x 402.75468pt>
File: Capitulo4/imagenes/7.png Graphic file (type png)
<use Capitulo4/imagenes/7.png>
Package pdftex.def Info: Capitulo4/imagenes/7.png  used on input line 125.
(pdftex.def)             Requested size: 136.25873pt x 201.37685pt.
LaTeX Info: Redefining \. on input line 133.
LaTeX Info: Redefining \% on input line 133.
 [50 <./Capitulo4/imagenes/6.png> <./Capitulo4/imagenes/7.png>]
<Capitulo4/imagenes/8.png, id=1212, 663.22781pt x 459.96844pt>
File: Capitulo4/imagenes/8.png Graphic file (type png)
<use Capitulo4/imagenes/8.png>
Package pdftex.def Info: Capitulo4/imagenes/8.png  used on input line 136.
(pdftex.def)             Requested size: 331.6131pt x 229.98366pt.
<Capitulo4/imagenes/9.png, id=1213, 512.66531pt x 289.08pt>
File: Capitulo4/imagenes/9.png Graphic file (type png)
<use Capitulo4/imagenes/9.png>
Package pdftex.def Info: Capitulo4/imagenes/9.png  used on input line 146.
(pdftex.def)             Requested size: 256.33202pt x 144.53964pt.
LaTeX Info: Redefining \. on input line 152.
LaTeX Info: Redefining \% on input line 152.
 [51 <./Capitulo4/imagenes/8.png> <./Capitulo4/imagenes/9.png>]
File: Capitulo4/imagenes/9.png Graphic file (type png)
<use Capitulo4/imagenes/9.png>
Package pdftex.def Info: Capitulo4/imagenes/9.png  used on input line 155.
(pdftex.def)             Requested size: 256.33202pt x 144.53964pt.
<Capitulo4/imagenes/12.png, id=1220, 1161.58969pt x 350.05782pt>
File: Capitulo4/imagenes/12.png Graphic file (type png)
<use Capitulo4/imagenes/12.png>
Package pdftex.def Info: Capitulo4/imagenes/12.png  used on input line 166.
(pdftex.def)             Requested size: 429.78146pt x 129.51935pt.

Overfull \hbox (17.2165pt too wide) in paragraph at lines 166--167
 [][] 
 []

LaTeX Info: Redefining \. on input line 170.
LaTeX Info: Redefining \% on input line 170.
[52]
<Capitulo4/imagenes/13.png, id=1225, 1175.14032pt x 201.75375pt>
File: Capitulo4/imagenes/13.png Graphic file (type png)
<use Capitulo4/imagenes/13.png>
Package pdftex.def Info: Capitulo4/imagenes/13.png  used on input line 173.
(pdftex.def)             Requested size: 434.7951pt x 74.6477pt.

Overfull \hbox (22.23015pt too wide) in paragraph at lines 173--174
 [][] 
 []

LaTeX Info: Redefining \. on input line 188.
LaTeX Info: Redefining \% on input line 188.
[53 <./Capitulo4/imagenes/12.png> <./Capitulo4/imagenes/13.png>]
LaTeX Info: Redefining \. on input line 201.
LaTeX Info: Redefining \% on input line 201.
 [54]
<Capitulo4/imagenes/17.png, id=1236, 319.94531pt x 125.71968pt>
File: Capitulo4/imagenes/17.png Graphic file (type png)
<use Capitulo4/imagenes/17.png>
Package pdftex.def Info: Capitulo4/imagenes/17.png  used on input line 210.
(pdftex.def)             Requested size: 159.97226pt x 62.85968pt.
LaTeX Info: Redefining \. on input line 224.
LaTeX Info: Redefining \% on input line 224.
 [55 <./Capitulo4/imagenes/17.png>]
<Capitulo4/imagenes/18.png, id=1244, 1162.3425pt x 651.93562pt>
File: Capitulo4/imagenes/18.png Graphic file (type png)
<use Capitulo4/imagenes/18.png>
Package pdftex.def Info: Capitulo4/imagenes/18.png  used on input line 230.
(pdftex.def)             Requested size: 290.58492pt x 162.9835pt.
LaTeX Info: Redefining \. on input line 249.
LaTeX Info: Redefining \% on input line 249.
 [56 <./Capitulo4/imagenes/18.png>]
<Capitulo4/imagenes/19.png, id=1251, 1160.83687pt x 655.69969pt>
File: Capitulo4/imagenes/19.png Graphic file (type png)
<use Capitulo4/imagenes/19.png>
Package pdftex.def Info: Capitulo4/imagenes/19.png  used on input line 255.
(pdftex.def)             Requested size: 290.2085pt x 163.92451pt.
<Capitulo4/imagenes/20.png, id=1252, 1165.35374pt x 654.19406pt>
File: Capitulo4/imagenes/20.png Graphic file (type png)
<use Capitulo4/imagenes/20.png>
Package pdftex.def Info: Capitulo4/imagenes/20.png  used on input line 278.
(pdftex.def)             Requested size: 291.33772pt x 163.54811pt.
LaTeX Info: Redefining \. on input line 282.
LaTeX Info: Redefining \% on input line 282.
 [57 <./Capitulo4/imagenes/19.png>]
<Capitulo4/imagenes/21.png, id=1258, 1160.08406pt x 648.92438pt>
File: Capitulo4/imagenes/21.png Graphic file (type png)
<use Capitulo4/imagenes/21.png>
Package pdftex.def Info: Capitulo4/imagenes/21.png  used on input line 306.
(pdftex.def)             Requested size: 290.02031pt x 162.2307pt.
LaTeX Info: Redefining \. on input line 310.
LaTeX Info: Redefining \% on input line 310.
 [58 <./Capitulo4/imagenes/20.png>]
<Capitulo4/imagenes/22.png, id=1264, 1161.58969pt x 650.43pt>
File: Capitulo4/imagenes/22.png Graphic file (type png)
<use Capitulo4/imagenes/22.png>
Package pdftex.def Info: Capitulo4/imagenes/22.png  used on input line 313.
(pdftex.def)             Requested size: 290.39671pt x 162.6071pt.
LaTeX Info: Redefining \. on input line 330.
LaTeX Info: Redefining \% on input line 330.
 [59 <./Capitulo4/imagenes/21.png> <./Capitulo4/imagenes/22.png>]
<Capitulo4/imagenes/23.png, id=1271, 1157.07281pt x 650.43pt>
File: Capitulo4/imagenes/23.png Graphic file (type png)
<use Capitulo4/imagenes/23.png>
Package pdftex.def Info: Capitulo4/imagenes/23.png  used on input line 334.
(pdftex.def)             Requested size: 289.2675pt x 162.6071pt.
<Capitulo4/imagenes/24.png, id=1272, 1161.58969pt x 645.91313pt>
File: Capitulo4/imagenes/24.png Graphic file (type png)
<use Capitulo4/imagenes/24.png>
Package pdftex.def Info: Capitulo4/imagenes/24.png  used on input line 343.
(pdftex.def)             Requested size: 290.39671pt x 161.47789pt.
)
LaTeX Info: Redefining \. on input line 89.
LaTeX Info: Redefining \% on input line 89.
 [60 <./Capitulo4/imagenes/23.png> <./Capitulo4/imagenes/24.png>]
\openout2 = `Capitulo5/artefaco.aux'.

 (Capitulo5/artefaco.tex
Cap\'{\i }tulo 5.

Underfull \hbox (badness 1701) in paragraph at lines 30--30
[]\OT1/cmr/bx/sc/10.95 T^^S^^Ptu-lo Ob-te-ni-
 []


Underfull \hbox (badness 10000) in paragraph at lines 38--38
[]\OT1/cmr/m/n/10 Elvira Fer-nan-da Pai-ba
 []

[61




]
<Capitulo5/imagenes/f1.png, id=1293, 339.51843pt x 580.41844pt>
File: Capitulo5/imagenes/f1.png Graphic file (type png)
<use Capitulo5/imagenes/f1.png>
Package pdftex.def Info: Capitulo5/imagenes/f1.png  used on input line 51.
(pdftex.def)             Requested size: 169.75879pt x 290.20851pt.
LaTeX Info: Redefining \. on input line 55.
LaTeX Info: Redefining \% on input line 55.
 [62]
<Capitulo5/imagenes/fa.png, id=1298, 584.1825pt x 690.32906pt>
File: Capitulo5/imagenes/fa.png Graphic file (type png)
<use Capitulo5/imagenes/fa.png>
Package pdftex.def Info: Capitulo5/imagenes/fa.png  used on input line 81.
(pdftex.def)             Requested size: 292.09053pt x 345.16368pt.
LaTeX Info: Redefining \. on input line 85.
LaTeX Info: Redefining \% on input line 85.
 [63 <./Capitulo5/imagenes/f1.png>]
<Capitulo5/imagenes/fapps.png, id=1304, 459.96844pt x 688.82344pt>
File: Capitulo5/imagenes/fapps.png Graphic file (type png)
<use Capitulo5/imagenes/fapps.png>
Package pdftex.def Info: Capitulo5/imagenes/fapps.png  used on input line 113.
(pdftex.def)             Requested size: 229.98366pt x 344.41087pt.
LaTeX Info: Redefining \. on input line 117.
LaTeX Info: Redefining \% on input line 117.
 [64 <./Capitulo5/imagenes/fa.png>]
LaTeX Info: Redefining \. on input line 149.
LaTeX Info: Redefining \% on input line 149.
[65 <./Capitulo5/imagenes/fapps.png>]
<Capitulo5/imagenes/1.1.png, id=1318, 474.27188pt x 361.35pt>
File: Capitulo5/imagenes/1.1.png Graphic file (type png)
<use Capitulo5/imagenes/1.1.png>
Package pdftex.def Info: Capitulo5/imagenes/1.1.png  used on input line 156.
(pdftex.def)             Requested size: 189.70538pt x 144.53743pt.
<Capitulo5/imagenes/a2.1.png, id=1319, 472.76625pt x 610.53094pt>
File: Capitulo5/imagenes/a2.1.png Graphic file (type png)
<use Capitulo5/imagenes/a2.1.png>
Package pdftex.def Info: Capitulo5/imagenes/a2.1.png  used on input line 162.
(pdftex.def)             Requested size: 189.10315pt x 244.20804pt.
<Capitulo5/imagenes/app2.1.png, id=1320, 472.76625pt x 594.72188pt>
File: Capitulo5/imagenes/app2.1.png Graphic file (type png)
<use Capitulo5/imagenes/app2.1.png>
Package pdftex.def Info: Capitulo5/imagenes/app2.1.png  used on input line 168.

(pdftex.def)             Requested size: 189.10315pt x 237.88454pt.
LaTeX Info: Redefining \. on input line 171.
LaTeX Info: Redefining \% on input line 171.
 [66 <./Capitulo5/imagenes/1.1.png>]
LaTeX Info: Redefining \. on input line 176.
LaTeX Info: Redefining \% on input line 176.

[67 <./Capitulo5/imagenes/a2.1.png> <./Capitulo5/imagenes/app2.1.png>]
<Capitulo5/imagenes/4.png, id=1336, 536.0025pt x 180.675pt>
File: Capitulo5/imagenes/4.png Graphic file (type png)
<use Capitulo5/imagenes/4.png>
Package pdftex.def Info: Capitulo5/imagenes/4.png  used on input line 179.
(pdftex.def)             Requested size: 268.0006pt x 90.33727pt.
<Capitulo5/imagenes/5.png, id=1338, 542.025pt x 258.9675pt>
File: Capitulo5/imagenes/5.png Graphic file (type png)
<use Capitulo5/imagenes/5.png>
Package pdftex.def Info: Capitulo5/imagenes/5.png  used on input line 188.
(pdftex.def)             Requested size: 216.80615pt x 103.58514pt.
<Capitulo5/imagenes/6.png, id=1340, 546.54187pt x 260.47313pt>
File: Capitulo5/imagenes/6.png Graphic file (type png)
<use Capitulo5/imagenes/6.png>
Package pdftex.def Info: Capitulo5/imagenes/6.png  used on input line 197.
(pdftex.def)             Requested size: 163.96382pt x 78.14253pt.
LaTeX Info: Redefining \. on input line 201.
LaTeX Info: Redefining \% on input line 201.
 [68 <./Capitulo5/imagenes/4.png> <./Capitulo5/imagenes/5.png>]
<Capitulo5/imagenes/7.png, id=1349, 555.57562pt x 316.93407pt>
File: Capitulo5/imagenes/7.png Graphic file (type png)
<use Capitulo5/imagenes/7.png>
Package pdftex.def Info: Capitulo5/imagenes/7.png  used on input line 207.
(pdftex.def)             Requested size: 222.2263pt x 126.77138pt.
<Capitulo5/imagenes/8.png, id=1351, 546.54187pt x 178.41656pt>
File: Capitulo5/imagenes/8.png Graphic file (type png)
<use Capitulo5/imagenes/8.png>
Package pdftex.def Info: Capitulo5/imagenes/8.png  used on input line 216.
(pdftex.def)             Requested size: 218.61287pt x 71.36534pt.
LaTeX Info: Redefining \. on input line 220.
LaTeX Info: Redefining \% on input line 220.
 [69 <./Capitulo5/imagenes/6.png> <./Capitulo5/imagenes/7.png>]
<Capitulo5/imagenes/9.png, id=1360, 542.77782pt x 286.06876pt>
File: Capitulo5/imagenes/9.png Graphic file (type png)
<use Capitulo5/imagenes/9.png>
Package pdftex.def Info: Capitulo5/imagenes/9.png  used on input line 224.
(pdftex.def)             Requested size: 217.10727pt x 114.42546pt.
<Capitulo5/imagenes/10.png, id=1362, 564.60938pt x 355.3275pt>
File: Capitulo5/imagenes/10.png Graphic file (type png)
<use Capitulo5/imagenes/10.png>
Package pdftex.def Info: Capitulo5/imagenes/10.png  used on input line 232.
(pdftex.def)             Requested size: 225.83974pt x 142.12846pt.
LaTeX Info: Redefining \. on input line 238.
LaTeX Info: Redefining \% on input line 238.
 [70 <./Capitulo5/imagenes/8.png> <./Capitulo5/imagenes/9.png> <./Capitulo5/ima
genes/10.png>]
<Capitulo5/imagenes/11.png, id=1371, 532.23843pt x 187.45032pt>
File: Capitulo5/imagenes/11.png Graphic file (type png)
<use Capitulo5/imagenes/11.png>
Package pdftex.def Info: Capitulo5/imagenes/11.png  used on input line 241.
(pdftex.def)             Requested size: 266.11856pt x 93.72491pt.
<Capitulo5/imagenes/12.png, id=1373, 511.15968pt x 181.42781pt>
File: Capitulo5/imagenes/12.png Graphic file (type png)
<use Capitulo5/imagenes/12.png>
Package pdftex.def Info: Capitulo5/imagenes/12.png  used on input line 249.
(pdftex.def)             Requested size: 255.57921pt x 90.71368pt.
<Capitulo5/imagenes/13.png, id=1375, 562.35094pt x 410.2828pt>
File: Capitulo5/imagenes/13.png Graphic file (type png)
<use Capitulo5/imagenes/13.png>
Package pdftex.def Info: Capitulo5/imagenes/13.png  used on input line 257.
(pdftex.def)             Requested size: 224.93639pt x 164.11021pt.
LaTeX Info: Redefining \. on input line 261.
LaTeX Info: Redefining \% on input line 261.
 [71 <./Capitulo5/imagenes/11.png> <./Capitulo5/imagenes/12.png>]
<Capitulo5/imagenes/14.png, id=1383, 545.78906pt x 366.61969pt>
File: Capitulo5/imagenes/14.png Graphic file (type png)
<use Capitulo5/imagenes/14.png>
Package pdftex.def Info: Capitulo5/imagenes/14.png  used on input line 266.
(pdftex.def)             Requested size: 163.73798pt x 109.98676pt.
)
LaTeX Info: Redefining \. on input line 91.
LaTeX Info: Redefining \% on input line 91.
 [72 <./Capitulo5/imagenes/13.png> <./Capitulo5/imagenes/14.png>]
\openout2 = `Capitulo6/conclusiones.aux'.

 (Capitulo6/conclusiones.tex
Cap\'{\i }tulo 6.

LaTeX Warning: Reference `fig:vice' on page 73 undefined on input line 3.


LaTeX Warning: Reference `fig:satis' on page 73 undefined on input line 3.

) [73




]
\openout2 = `Anexos/Anexo01/anexo.aux'.

 (Anexos/Anexo01/anexo.tex [74




]
Ap\'{e}ndice A.
<Capitulo6/1.png, id=1403, 457.71pt x 593.21625pt>
File: Capitulo6/1.png Graphic file (type png)
<use Capitulo6/1.png>
Package pdftex.def Info: Capitulo6/1.png  used on input line 10.
(pdftex.def)             Requested size: 183.08075pt x 237.28229pt.
<Capitulo6/2.png, id=1404, 462.22687pt x 596.98032pt>
File: Capitulo6/2.png Graphic file (type png)
<use Capitulo6/2.png>
Package pdftex.def Info: Capitulo6/2.png  used on input line 17.
(pdftex.def)             Requested size: 184.88747pt x 238.78789pt.
[75 <./Capitulo6/1.png>]
<Capitulo6/3.png, id=1410, 459.96844pt x 565.36218pt>
File: Capitulo6/3.png Graphic file (type png)
<use Capitulo6/3.png>
Package pdftex.def Info: Capitulo6/3.png  used on input line 24.
(pdftex.def)             Requested size: 183.98412pt x 226.14085pt.
<Capitulo6/4.png, id=1411, 458.46281pt x 595.47469pt>
File: Capitulo6/4.png Graphic file (type png)
<use Capitulo6/4.png>
Package pdftex.def Info: Capitulo6/4.png  used on input line 31.
(pdftex.def)             Requested size: 183.38187pt x 238.18565pt.
LaTeX Info: Redefining \. on input line 35.
LaTeX Info: Redefining \% on input line 35.
 [76 <./Capitulo6/2.png> <./Capitulo6/3.png>]
<Capitulo6/5.png, id=1418, 489.32813pt x 636.12656pt>
File: Capitulo6/5.png Graphic file (type png)
<use Capitulo6/5.png>
Package pdftex.def Info: Capitulo6/5.png  used on input line 38.
(pdftex.def)             Requested size: 195.72777pt x 254.4461pt.
<Capitulo6/6.png, id=1419, 490.83376pt x 639.89063pt>
File: Capitulo6/6.png Graphic file (type png)
<use Capitulo6/6.png>
Package pdftex.def Info: Capitulo6/6.png  used on input line 45.
(pdftex.def)             Requested size: 196.33002pt x 255.9517pt.
LaTeX Info: Redefining \. on input line 49.
LaTeX Info: Redefining \% on input line 49.
 [77 <./Capitulo6/4.png> <./Capitulo6/5.png>]
<Capitulo6/7.png, id=1426, 402.75468pt x 607.51968pt>
File: Capitulo6/7.png Graphic file (type png)
<use Capitulo6/7.png>
Package pdftex.def Info: Capitulo6/7.png  used on input line 52.
(pdftex.def)             Requested size: 161.09901pt x 243.00356pt.
<Capitulo6/8.png, id=1427, 609.02531pt x 652.68843pt>
File: Capitulo6/8.png Graphic file (type png)
<use Capitulo6/8.png>
Package pdftex.def Info: Capitulo6/8.png  used on input line 59.
(pdftex.def)             Requested size: 243.6058pt x 261.07074pt.
LaTeX Info: Redefining \. on input line 63.
LaTeX Info: Redefining \% on input line 63.
 [78 <./Capitulo6/6.png> <./Capitulo6/7.png>]
<Capitulo6/9.png, id=1434, 423.83344pt x 541.27219pt>
File: Capitulo6/9.png Graphic file (type png)
<use Capitulo6/9.png>
Package pdftex.def Info: Capitulo6/9.png  used on input line 66.
(pdftex.def)             Requested size: 169.53036pt x 216.50504pt.
<Capitulo6/10.png, id=1435, 405.76593pt x 528.47438pt>
File: Capitulo6/10.png Graphic file (type png)
<use Capitulo6/10.png>
Package pdftex.def Info: Capitulo6/10.png  used on input line 73.
(pdftex.def)             Requested size: 162.3035pt x 211.386pt.
LaTeX Info: Redefining \. on input line 77.
LaTeX Info: Redefining \% on input line 77.
 [79 <./Capitulo6/8.png> <./Capitulo6/9.png>]
<Capitulo6/11.png, id=1443, 414.04688pt x 538.26094pt>
File: Capitulo6/11.png Graphic file (type png)
<use Capitulo6/11.png>
Package pdftex.def Info: Capitulo6/11.png  used on input line 80.
(pdftex.def)             Requested size: 165.6158pt x 215.30055pt.
)
LaTeX Info: Redefining \. on input line 97.
LaTeX Info: Redefining \% on input line 97.
 [80 <./Capitulo6/10.png> <./Capitulo6/11.png>] (documentoprincipal.bbl (docume
ntoprincipal.brf)
\tf@brf=\write7
\openout7 = `documentoprincipal.brf'.

 [81



])
LaTeX Info: Redefining \. on input line 105.
LaTeX Info: Redefining \% on input line 105.
 [82]
(documentoprincipal.aux
LaTeX Info: Redefining \. on input line 25.
LaTeX Info: Redefining \% on input line 25.
 (Prologo/Declaracion.aux) (Prologo/Comiteevaluador.aux) (Prologo/Resumen.aux) 
(Capitulo1/generalidades.aux)
(Capitulo2/marco_teorico.aux) (Capitulo3/modelado.aux) (Capitulo4/modelado2.aux
) (Capitulo5/artefaco.aux) (Capitulo6/conclusiones.aux)
(Anexos/Anexo01/anexo.aux))

LaTeX Font Warning: Some font shapes were not available, defaults substituted.


LaTeX Warning: There were undefined references.


LaTeX Warning: There were multiply-defined labels.

Package rerunfilecheck Info: File `documentoprincipal.out' has not changed.
(rerunfilecheck)             Checksum: 4CDD166A860C706F0980E2386A734724;15603.

Package rerunfilecheck Warning: File `documentoprincipal.brf' has changed.
(rerunfilecheck)                Rerun to get bibliographical references right.

Package rerunfilecheck Info: Checksums for `documentoprincipal.brf':
(rerunfilecheck)             Before: 3BAA159F907054215DE268C679279A51;99
(rerunfilecheck)             After:  5637D7AF99860F3047853968C4E4F5CA;2086.
 ) 
Here is how much of TeX's memory you used:
 17768 strings out of 478582
 309880 string characters out of 2844345
 592008 words of memory out of 3000000
 35175 multiletter control sequences out of 15000+600000
 478593 words of font info for 63 fonts, out of 8000000 for 9000
 1141 hyphenation exceptions out of 8191
 102i,16n,105p,1505b,811s stack positions out of 10000i,1000n,20000p,200000b,80000s
 <C:\Users\selui\AppData\Local\MiKTeX\fonts/pk/ljfour/jknappen/ec/dpi600\tcrm
1095.pk><C:/Users/selui/AppData/Local/Programs/MiKTeX/fonts/type1/public/amsfon
ts/cm/cmbx10.pfb><C:/Users/selui/AppData/Local/Programs/MiKTeX/fonts/type1/publ
ic/amsfonts/cm/cmbx12.pfb><C:/Users/selui/AppData/Local/Programs/MiKTeX/fonts/t
ype1/public/amsfonts/cm/cmbx8.pfb><C:/Users/selui/AppData/Local/Programs/MiKTeX
/fonts/type1/public/amsfonts/cm/cmcsc10.pfb><C:/Users/selui/AppData/Local/Progr
ams/MiKTeX/fonts/type1/public/amsfonts/cm/cmmi10.pfb><C:/Users/selui/AppData/Lo
cal/Programs/MiKTeX/fonts/type1/public/amsfonts/cm/cmr10.pfb><C:/Users/selui/Ap
pData/Local/Programs/MiKTeX/fonts/type1/public/amsfonts/cm/cmr12.pfb><C:/Users/
selui/AppData/Local/Programs/MiKTeX/fonts/type1/public/amsfonts/cm/cmr17.pfb><C
:/Users/selui/AppData/Local/Programs/MiKTeX/fonts/type1/public/amsfonts/cm/cmsy
8.pfb><C:/Users/selui/AppData/Local/Programs/MiKTeX/fonts/type1/public/amsfonts
/cm/cmti10.pfb><C:/Users/selui/AppData/Local/Programs/MiKTeX/fonts/type1/public
/amsfonts/cm/cmtt10.pfb>
Output written on documentoprincipal.pdf (100 pages, 8078422 bytes).
PDF statistics:
 1582 PDF objects out of 1728 (max. 8388607)
 321 named destinations out of 1000 (max. 500000)
 1277 words of extra memory for PDF output out of 10000 (max. 10000000)

