This is pdfTeX, Version 3.141592653-2.6-1.40.24 (MiKTeX 22.3) (preloaded format=pdflatex 2022.6.5)  6 JUN 2022 00:31
entering extended mode
 restricted \write18 enabled.
 %&-line parsing enabled.
**./artefaco.tex
(artefaco.tex
LaTeX2e <2021-11-15> patch level 1
L3 programming layer <2022-02-24>
! Undefined control sequence.
l.1 \chapter
            {Diseño y validación del instrumento de medición}
The control sequence at the end of the top line
of your error message was never \def'ed. If you have
misspelled it (e.g., `\hobx'), type `I' and the correct
spelling (e.g., `I\hbox'). Otherwise just continue,
and I'll forget about whatever was undefined.


! LaTeX Error: Missing \begin{document}.

See the LaTeX manual or LaTeX Companion for explanation.
Type  H <return>  for immediate help.
 ...                                              
                                                  
l.1 \chapter{D
              iseño y validación del instrumento de medición}
You're in trouble here.  Try typing  <return>  to proceed.
If that doesn't work, type  X <return>  to quit.

Missing character: There is no D in font nullfont!
Missing character: There is no i in font nullfont!
Missing character: There is no s in font nullfont!
Missing character: There is no e in font nullfont!
LaTeX Font Info:    Trying to load font information for +cmr on input line 1.
LaTeX Font Info:    No file cmr.fd. on input line 1.

LaTeX Font Warning: Font shape `/cmr/m/n' undefined
(Font)              using `/cmr/m/n' instead on input line 1.

! Corrupted NFSS tables.
wrong@fontshape ...message {Corrupted NFSS tables}
                                                  error@fontshape else let f...
l.1 \chapter{Diseñ
                   o y validación del instrumento de medición}
This error message was generated by an \errmessage
command, so I can't give any explicit help.
Pretend that you're Hercule Poirot: Examine all clues,
and deduce the truth by order and method.


LaTeX Font Warning: Font shape `/cmr/m/n' undefined
(Font)              using `OT1/cmr/m/n' instead on input line 1.

Missing character: There is no o in font nullfont!
Missing character: There is no y in font nullfont!
Missing character: There is no v in font nullfont!
Missing character: There is no a in font nullfont!
Missing character: There is no l in font nullfont!
Missing character: There is no i in font nullfont!
Missing character: There is no d in font nullfont!
Missing character: There is no a in font nullfont!
Missing character: There is no c in font nullfont!
Missing character: There is no i in font nullfont!
Missing character: There is no n in font nullfont!
Missing character: There is no d in font nullfont!
Missing character: There is no e in font nullfont!
Missing character: There is no l in font nullfont!
Missing character: There is no i in font nullfont!
Missing character: There is no n in font nullfont!
Missing character: There is no s in font nullfont!
Missing character: There is no t in font nullfont!
Missing character: There is no r in font nullfont!
Missing character: There is no u in font nullfont!
Missing character: There is no m in font nullfont!
Missing character: There is no e in font nullfont!
Missing character: There is no n in font nullfont!
Missing character: There is no t in font nullfont!
Missing character: There is no o in font nullfont!
Missing character: There is no d in font nullfont!
Missing character: There is no e in font nullfont!
Missing character: There is no m in font nullfont!
Missing character: There is no e in font nullfont!
Missing character: There is no d in font nullfont!
Missing character: There is no i in font nullfont!
Missing character: There is no c in font nullfont!
Missing character: There is no i in font nullfont!
Missing character: There is no n in font nullfont!
Missing character: There is no S in font nullfont!
Missing character: There is no e in font nullfont!
Missing character: There is no d in font nullfont!
Missing character: There is no i in font nullfont!
Missing character: There is no s in font nullfont!
Missing character: There is no e in font nullfont!
Missing character: There is no o in font nullfont!
Missing character: There is no u in font nullfont!
Missing character: There is no n in font nullfont!
Missing character: There is no i in font nullfont!
Missing character: There is no n in font nullfont!
Missing character: There is no s in font nullfont!
Missing character: There is no t in font nullfont!
Missing character: There is no r in font nullfont!
Missing character: There is no u in font nullfont!
Missing character: There is no m in font nullfont!
Missing character: There is no e in font nullfont!
Missing character: There is no n in font nullfont!
Missing character: There is no t in font nullfont!
Missing character: There is no o in font nullfont!
Missing character: There is no d in font nullfont!
Missing character: There is no e in font nullfont!
Missing character: There is no m in font nullfont!
Missing character: There is no e in font nullfont!
Missing character: There is no d in font nullfont!
Missing character: There is no i in font nullfont!
Missing character: There is no c in font nullfont!
Missing character: There is no i in font nullfont!
Missing character: There is no n in font nullfont!
Missing character: There is no ( in font nullfont!
Missing character: There is no e in font nullfont!
Missing character: There is no n in font nullfont!
Missing character: There is no c in font nullfont!
Missing character: There is no u in font nullfont!
Missing character: There is no e in font nullfont!
Missing character: There is no s in font nullfont!
Missing character: There is no t in font nullfont!
Missing character: There is no a in font nullfont!
Missing character: There is no ) in font nullfont!
Missing character: There is no c in font nullfont!
Missing character: There is no o in font nullfont!
Missing character: There is no n in font nullfont!
Missing character: There is no e in font nullfont!
Missing character: There is no l in font nullfont!
Missing character: There is no f in font nullfont!
Missing character: There is no i in font nullfont!
Missing character: There is no n in font nullfont!
Missing character: There is no d in font nullfont!
Missing character: There is no e in font nullfont!
Missing character: There is no e in font nullfont!
Missing character: There is no l in font nullfont!
Missing character: There is no d in font nullfont!
Missing character: There is no e in font nullfont!
Missing character: There is no s in font nullfont!
Missing character: There is no e in font nullfont!
Missing character: There is no m in font nullfont!
Missing character: There is no p in font nullfont!
Missing character: There is no e in font nullfont!
Missing character: There is no o in font nullfont!
Missing character: There is no d in font nullfont!
Missing character: There is no e in font nullfont!
Missing character: There is no l in font nullfont!
Missing character: There is no a in font nullfont!
Missing character: There is no s in font nullfont!
Missing character: There is no a in font nullfont!
Missing character: There is no u in font nullfont!
Missing character: There is no t in font nullfont!
Missing character: There is no o in font nullfont!
Missing character: There is no m in font nullfont!
Missing character: There is no a in font nullfont!
Missing character: There is no t in font nullfont!
Missing character: There is no i in font nullfont!
Missing character: There is no z in font nullfont!
Missing character: There is no a in font nullfont!
Missing character: There is no c in font nullfont!
Missing character: There is no i in font nullfont!
Missing character: There is no o in font nullfont!
Missing character: There is no n in font nullfont!
Missing character: There is no e in font nullfont!
Missing character: There is no s in font nullfont!
Missing character: There is no y in font nullfont!
Missing character: There is no m in font nullfont!
Missing character: There is no e in font nullfont!
Missing character: There is no d in font nullfont!
Missing character: There is no i in font nullfont!
Missing character: There is no r in font nullfont!
Missing character: There is no e in font nullfont!
Missing character: There is no l in font nullfont!
Missing character: There is no p in font nullfont!
Missing character: There is no o in font nullfont!
Missing character: There is no r in font nullfont!
Missing character: There is no c in font nullfont!
Missing character: There is no e in font nullfont!
Missing character: There is no n in font nullfont!
Missing character: There is no t in font nullfont!
Missing character: There is no a in font nullfont!
Missing character: There is no j in font nullfont!
Missing character: There is no e in font nullfont!
Missing character: There is no d in font nullfont!
Missing character: There is no e in font nullfont!
Missing character: There is no m in font nullfont!
Missing character: There is no e in font nullfont!
Missing character: There is no j in font nullfont!
Missing character: There is no o in font nullfont!
Missing character: There is no r in font nullfont!
Missing character: There is no a in font nullfont!
Missing character: There is no d in font nullfont!
Missing character: There is no e in font nullfont!
Missing character: There is no l in font nullfont!
Missing character: There is no p in font nullfont!
Missing character: There is no r in font nullfont!
Missing character: There is no o in font nullfont!
Missing character: There is no c in font nullfont!
Missing character: There is no e in font nullfont!
Missing character: There is no s in font nullfont!
Missing character: There is no o in font nullfont!
Missing character: There is no d in font nullfont!
Missing character: There is no e in font nullfont!
Missing character: There is no s in font nullfont!
Missing character: There is no a in font nullfont!
Missing character: There is no r in font nullfont!
Missing character: There is no r in font nullfont!
Missing character: There is no o in font nullfont!
Missing character: There is no l in font nullfont!
Missing character: There is no l in font nullfont!
Missing character: There is no a in font nullfont!
Missing character: There is no d in font nullfont!
Missing character: There is no o in font nullfont!
Missing character: There is no , in font nullfont!
Missing character: There is no e in font nullfont!
Missing character: There is no s in font nullfont!
Missing character: There is no t in font nullfont!
Missing character: There is no o in font nullfont!
Missing character: There is no p in font nullfont!
Missing character: There is no a in font nullfont!
Missing character: There is no r in font nullfont!
Missing character: There is no a in font nullfont!
Missing character: There is no A in font nullfont!
Missing character: There is no u in font nullfont!
Missing character: There is no t in font nullfont!
Missing character: There is no o in font nullfont!
Missing character: There is no m in font nullfont!
Missing character: There is no a in font nullfont!
Missing character: There is no t in font nullfont!
Missing character: There is no i in font nullfont!
Missing character: There is no z in font nullfont!
Missing character: There is no a in font nullfont!
Missing character: There is no c in font nullfont!
Missing character: There is no i in font nullfont!
Missing character: There is no n in font nullfont!
Missing character: There is no p in font nullfont!
Missing character: There is no o in font nullfont!
Missing character: There is no r in font nullfont!
Missing character: There is no m in font nullfont!
Missing character: There is no e in font nullfont!
Missing character: There is no d in font nullfont!
Missing character: There is no i in font nullfont!
Missing character: There is no o in font nullfont!
Missing character: There is no d in font nullfont!
Missing character: There is no e in font nullfont!
Missing character: There is no f in font nullfont!
Missing character: There is no l in font nullfont!
Missing character: There is no u in font nullfont!
Missing character: There is no j in font nullfont!
Missing character: There is no o in font nullfont!
Missing character: There is no s in font nullfont!
Missing character: There is no ( in font nullfont!
Missing character: There is no P in font nullfont!
Missing character: There is no o in font nullfont!
Missing character: There is no w in font nullfont!
Missing character: There is no e in font nullfont!
Missing character: There is no r in font nullfont!
Missing character: There is no A in font nullfont!
Missing character: There is no u in font nullfont!
Missing character: There is no t in font nullfont!
Missing character: There is no o in font nullfont!
Missing character: There is no m in font nullfont!
Missing character: There is no a in font nullfont!
Missing character: There is no t in font nullfont!
Missing character: There is no e in font nullfont!
Missing character: There is no ) in font nullfont!
Missing character: There is no . in font nullfont!
Missing character: There is no T in font nullfont!
Missing character: There is no a in font nullfont!
Missing character: There is no m in font nullfont!
Missing character: There is no b in font nullfont!
Missing character: There is no i in font nullfont!
Missing character: There is no n in font nullfont!
Missing character: There is no l in font nullfont!
Missing character: There is no a in font nullfont!
Missing character: There is no e in font nullfont!
Missing character: There is no n in font nullfont!
Missing character: There is no c in font nullfont!
Missing character: There is no u in font nullfont!
Missing character: There is no e in font nullfont!
Missing character: There is no s in font nullfont!
Missing character: There is no t in font nullfont!
Missing character: There is no a in font nullfont!
Missing character: There is no m in font nullfont!
Missing character: There is no i in font nullfont!
Missing character: There is no d in font nullfont!
Missing character: There is no e in font nullfont!
Missing character: There is no e in font nullfont!
Missing character: There is no l in font nullfont!
Missing character: There is no g in font nullfont!
Missing character: There is no r in font nullfont!
Missing character: There is no a in font nullfont!
Missing character: There is no d in font nullfont!
Missing character: There is no o in font nullfont!
Missing character: There is no d in font nullfont!
Missing character: There is no e in font nullfont!
Missing character: There is no s in font nullfont!
Missing character: There is no a in font nullfont!
Missing character: There is no t in font nullfont!
Missing character: There is no i in font nullfont!
Missing character: There is no s in font nullfont!
Missing character: There is no f in font nullfont!
Missing character: There is no a in font nullfont!
Missing character: There is no c in font nullfont!
Missing character: There is no c in font nullfont!
Missing character: There is no i in font nullfont!
Missing character: There is no n in font nullfont!
Missing character: There is no e in font nullfont!
Missing character: There is no n in font nullfont!
Missing character: There is no c in font nullfont!
Missing character: There is no a in font nullfont!
Missing character: There is no s in font nullfont!
Missing character: There is no o in font nullfont!
Missing character: There is no d in font nullfont!
Missing character: There is no e in font nullfont!
Missing character: There is no q in font nullfont!
Missing character: There is no u in font nullfont!
Missing character: There is no e in font nullfont!
Missing character: There is no s in font nullfont!
Missing character: There is no e in font nullfont!
Missing character: There is no h in font nullfont!
Missing character: There is no a in font nullfont!
Missing character: There is no y in font nullfont!
Missing character: There is no a in font nullfont!
Missing character: There is no a in font nullfont!
Missing character: There is no u in font nullfont!
Missing character: There is no t in font nullfont!
Missing character: There is no o in font nullfont!
Missing character: There is no m in font nullfont!
Missing character: There is no a in font nullfont!
Missing character: There is no t in font nullfont!
Missing character: There is no i in font nullfont!
Missing character: There is no z in font nullfont!
Missing character: There is no a in font nullfont!
Missing character: There is no d in font nullfont!
Missing character: There is no o in font nullfont!
Missing character: There is no u in font nullfont!
Missing character: There is no n in font nullfont!
Missing character: There is no p in font nullfont!
Missing character: There is no r in font nullfont!
Missing character: There is no o in font nullfont!
Missing character: There is no c in font nullfont!
Missing character: There is no e in font nullfont!
Missing character: There is no s in font nullfont!
Missing character: There is no o in font nullfont!
Missing character: There is no p in font nullfont!
Missing character: There is no o in font nullfont!
Missing character: There is no r in font nullfont!
Missing character: There is no m in font nullfont!
Missing character: There is no e in font nullfont!
Missing character: There is no d in font nullfont!
Missing character: There is no i in font nullfont!
Missing character: There is no o in font nullfont!
Missing character: There is no d in font nullfont!
Missing character: There is no e in font nullfont!
Missing character: There is no u in font nullfont!
Missing character: There is no n in font nullfont!
Missing character: There is no a in font nullfont!
Missing character: There is no a in font nullfont!
Missing character: There is no p in font nullfont!
Missing character: There is no l in font nullfont!
Missing character: There is no i in font nullfont!
Missing character: There is no c in font nullfont!
Missing character: There is no a in font nullfont!
Missing character: There is no c in font nullfont!
Missing character: There is no i in font nullfont!
Missing character: There is no n in font nullfont!
Missing character: There is no ( in font nullfont!
Missing character: There is no P in font nullfont!
Missing character: There is no o in font nullfont!
Missing character: There is no w in font nullfont!
Missing character: There is no e in font nullfont!
Missing character: There is no r in font nullfont!
Missing character: There is no A in font nullfont!
Missing character: There is no p in font nullfont!
Missing character: There is no p in font nullfont!
Missing character: There is no s in font nullfont!
Missing character: There is no ) in font nullfont!
Missing character: There is no . in font nullfont!

Overfull \hbox (30.55559pt too wide) in paragraph at lines 1--4
[]\/cmr/m/n/10 ~n
 []


Overfull \hbox (5.00002pt too wide) in paragraph at lines 1--4
\/cmr/m/n/10 ^^So
 []


Overfull \hbox (5.00002pt too wide) in paragraph at lines 1--4
\/cmr/m/n/10 ^^So
 []


Overfull \hbox (5.55557pt too wide) in paragraph at lines 1--4
\/cmr/m/n/10 ~n
 []


Overfull \hbox (5.00002pt too wide) in paragraph at lines 1--4
\/cmr/m/n/10 ^^So
 []


Overfull \hbox (5.55557pt too wide) in paragraph at lines 1--4
\/cmr/m/n/10 ~n
 []


Overfull \hbox (5.00002pt too wide) in paragraph at lines 1--4
\/cmr/m/n/10 ^^So
 []


Overfull \hbox (4.44444pt too wide) in paragraph at lines 1--4
\/cmr/m/n/10 ^^Se
 []


Overfull \hbox (5.00002pt too wide) in paragraph at lines 1--4
\/cmr/m/n/10 ^^So
 []


Overfull \hbox (5.00002pt too wide) in paragraph at lines 1--4
\/cmr/m/n/10 ^^So
 []

! Undefined control sequence.
l.5 \section
            {Construcción del instrumento}
The control sequence at the end of the top line
of your error message was never \def'ed. If you have
misspelled it (e.g., `\hobx'), type `I' and the correct
spelling (e.g., `I\hbox'). Otherwise just continue,
and I'll forget about whatever was undefined.


! LaTeX Error: Missing \begin{document}.

See the LaTeX manual or LaTeX Companion for explanation.
Type  H <return>  for immediate help.
 ...                                              
                                                  
l.5 \section{C
              onstrucción del instrumento}
You're in trouble here.  Try typing  <return>  to proceed.
If that doesn't work, type  X <return>  to quit.

Missing character: There is no C in font nullfont!
Missing character: There is no o in font nullfont!
Missing character: There is no n in font nullfont!
Missing character: There is no s in font nullfont!
Missing character: There is no t in font nullfont!
Missing character: There is no r in font nullfont!
Missing character: There is no u in font nullfont!
Missing character: There is no c in font nullfont!
Missing character: There is no c in font nullfont!
Missing character: There is no i in font nullfont!
Missing character: There is no n in font nullfont!
Missing character: There is no d in font nullfont!
Missing character: There is no e in font nullfont!
Missing character: There is no l in font nullfont!
Missing character: There is no i in font nullfont!
Missing character: There is no n in font nullfont!
Missing character: There is no s in font nullfont!
Missing character: There is no t in font nullfont!
Missing character: There is no r in font nullfont!
Missing character: There is no u in font nullfont!
Missing character: There is no m in font nullfont!
Missing character: There is no e in font nullfont!
Missing character: There is no n in font nullfont!
Missing character: There is no t in font nullfont!
Missing character: There is no o in font nullfont!
Missing character: There is no L in font nullfont!
Missing character: There is no a in font nullfont!
Missing character: There is no p in font nullfont!
Missing character: There is no r in font nullfont!
Missing character: There is no o in font nullfont!
Missing character: There is no p in font nullfont!
Missing character: There is no u in font nullfont!
Missing character: There is no e in font nullfont!
Missing character: There is no s in font nullfont!
Missing character: There is no t in font nullfont!
Missing character: There is no a in font nullfont!
Missing character: There is no d in font nullfont!
Missing character: There is no e in font nullfont!
Missing character: There is no e in font nullfont!
Missing character: There is no n in font nullfont!
Missing character: There is no c in font nullfont!
Missing character: There is no u in font nullfont!
Missing character: There is no e in font nullfont!
Missing character: There is no s in font nullfont!
Missing character: There is no t in font nullfont!
Missing character: There is no a in font nullfont!
Missing character: There is no p in font nullfont!
Missing character: There is no a in font nullfont!
Missing character: There is no r in font nullfont!
Missing character: There is no a in font nullfont!
Missing character: There is no h in font nullfont!
Missing character: There is no a in font nullfont!
Missing character: There is no c in font nullfont!
Missing character: There is no e in font nullfont!
Missing character: There is no r in font nullfont!
Missing character: There is no a in font nullfont!
Missing character: There is no l in font nullfont!
Missing character: There is no o in font nullfont!
Missing character: There is no s in font nullfont!
Missing character: There is no c in font nullfont!
Missing character: There is no o in font nullfont!
Missing character: There is no l in font nullfont!
Missing character: There is no a in font nullfont!
Missing character: There is no b in font nullfont!
Missing character: There is no o in font nullfont!
Missing character: There is no r in font nullfont!
Missing character: There is no a in font nullfont!
Missing character: There is no d in font nullfont!
Missing character: There is no o in font nullfont!
Missing character: There is no r in font nullfont!
Missing character: There is no e in font nullfont!
Missing character: There is no s in font nullfont!
Missing character: There is no d in font nullfont!
Missing character: There is no e in font nullfont!
Missing character: There is no l in font nullfont!
Missing character: There is no b in font nullfont!
Missing character: There is no a in font nullfont!
Missing character: There is no n in font nullfont!
Missing character: There is no c in font nullfont!
Missing character: There is no o in font nullfont!
Missing character: There is no s in font nullfont!
Missing character: There is no e in font nullfont!
Missing character: There is no c in font nullfont!
Missing character: There is no o in font nullfont!
Missing character: There is no n in font nullfont!
Missing character: There is no s in font nullfont!
Missing character: There is no t in font nullfont!
Missing character: There is no r in font nullfont!
Missing character: There is no u in font nullfont!
Missing character: There is no y in font nullfont!
Missing character: There is no b in font nullfont!
Missing character: There is no a in font nullfont!
Missing character: There is no s in font nullfont!
Missing character: There is no n in font nullfont!
Missing character: There is no d in font nullfont!
Missing character: There is no o in font nullfont!
Missing character: There is no s in font nullfont!
Missing character: There is no e in font nullfont!
Missing character: There is no e in font nullfont!
Missing character: There is no n in font nullfont!
Missing character: There is no e in font nullfont!
Missing character: There is no n in font nullfont!
Missing character: There is no c in font nullfont!
Missing character: There is no u in font nullfont!
Missing character: There is no e in font nullfont!
Missing character: There is no s in font nullfont!
Missing character: There is no t in font nullfont!
Missing character: There is no a in font nullfont!
Missing character: There is no s in font nullfont!
Missing character: There is no y in font nullfont!
Missing character: There is no a in font nullfont!
Missing character: There is no d in font nullfont!
Missing character: There is no i in font nullfont!
Missing character: There is no s in font nullfont!
Missing character: There is no e in font nullfont!
Missing character: There is no a in font nullfont!
Missing character: There is no d in font nullfont!
Missing character: There is no a in font nullfont!
Missing character: There is no s in font nullfont!
Missing character: There is no y in font nullfont!
Missing character: There is no v in font nullfont!
Missing character: There is no a in font nullfont!
Missing character: There is no l in font nullfont!
Missing character: There is no i in font nullfont!
Missing character: There is no d in font nullfont!
Missing character: There is no a in font nullfont!
Missing character: There is no d in font nullfont!
Missing character: There is no a in font nullfont!
Missing character: There is no s in font nullfont!
Missing character: There is no , in font nullfont!
Missing character: There is no l in font nullfont!
Missing character: There is no u in font nullfont!
Missing character: There is no e in font nullfont!
Missing character: There is no g in font nullfont!
Missing character: There is no o in font nullfont!
Missing character: There is no a in font nullfont!
Missing character: There is no d in font nullfont!
Missing character: There is no a in font nullfont!
Missing character: There is no p in font nullfont!
Missing character: There is no t in font nullfont!
Missing character: There is no a in font nullfont!
Missing character: There is no d in font nullfont!
Missing character: There is no a in font nullfont!
Missing character: There is no s in font nullfont!
Missing character: There is no a in font nullfont!
Missing character: There is no l in font nullfont!
Missing character: There is no a in font nullfont!
Missing character: There is no n in font nullfont!
Missing character: There is no e in font nullfont!
Missing character: There is no c in font nullfont!
Missing character: There is no e in font nullfont!
Missing character: There is no s in font nullfont!
Missing character: There is no i in font nullfont!
Missing character: There is no d in font nullfont!
Missing character: There is no a in font nullfont!
Missing character: There is no d in font nullfont!
Missing character: There is no , in font nullfont!
Missing character: There is no l in font nullfont!
Missing character: There is no a in font nullfont!
Missing character: There is no s in font nullfont!
Missing character: There is no p in font nullfont!
Missing character: There is no r in font nullfont!
Missing character: There is no e in font nullfont!
Missing character: There is no g in font nullfont!
Missing character: There is no u in font nullfont!
Missing character: There is no n in font nullfont!
Missing character: There is no t in font nullfont!
Missing character: There is no a in font nullfont!
Missing character: There is no s in font nullfont!
Missing character: There is no e in font nullfont!
Missing character: There is no r in font nullfont!
Missing character: There is no a in font nullfont!
Missing character: There is no n in font nullfont!
Missing character: There is no l in font nullfont!
Missing character: There is no a in font nullfont!
Missing character: There is no s in font nullfont!
Missing character: There is no s in font nullfont!
Missing character: There is no i in font nullfont!
Missing character: There is no g in font nullfont!
Missing character: There is no u in font nullfont!
Missing character: There is no i in font nullfont!
Missing character: There is no e in font nullfont!
Missing character: There is no n in font nullfont!
Missing character: There is no t in font nullfont!
Missing character: There is no e in font nullfont!
Missing character: There is no s in font nullfont!
Missing character: There is no : in font nullfont!

Overfull \hbox (25.00002pt too wide) in paragraph at lines 5--7
[]\/cmr/m/n/10 ^^So
 []


Overfull \hbox (5.00002pt too wide) in paragraph at lines 5--7
\/cmr/m/n/10 ^^So
 []


Overfull \hbox (5.00002pt too wide) in paragraph at lines 5--7
\/cmr/m/n/10 ^^Sa
 []


Overfull \hbox (5.55557pt too wide) in paragraph at lines 5--7
\/cmr/m/n/10 ~n
 []


! LaTeX Error: Missing \begin{document}.

See the LaTeX manual or LaTeX Companion for explanation.
Type  H <return>  for immediate help.
 ...                                              
                                                  
l.8 \begin{enumerate}
                     
You're in trouble here.  Try typing  <return>  to proceed.
If that doesn't work, type  X <return>  to quit.


Overfull \hbox (20.0pt too wide) in paragraph at lines 8--8
[] 
 []

Missing character: There is no S in font nullfont!
Missing character: There is no e in font nullfont!
Missing character: There is no p in font nullfont!
Missing character: There is no r in font nullfont!
Missing character: There is no e in font nullfont!
Missing character: There is no g in font nullfont!
Missing character: There is no u in font nullfont!
Missing character: There is no n in font nullfont!
Missing character: There is no t in font nullfont!
Missing character: There is no a in font nullfont!
Missing character: There is no c in font nullfont!
Missing character: There is no o in font nullfont!
Missing character: There is no n in font nullfont!
Missing character: There is no e in font nullfont!
Missing character: There is no l in font nullfont!
Missing character: There is no f in font nullfont!
Missing character: There is no i in font nullfont!
Missing character: There is no n in font nullfont!
Missing character: There is no d in font nullfont!
Missing character: There is no e in font nullfont!
Missing character: There is no f in font nullfont!
Missing character: There is no o in font nullfont!
Missing character: There is no c in font nullfont!
Missing character: There is no a in font nullfont!
Missing character: There is no l in font nullfont!
Missing character: There is no i in font nullfont!
Missing character: There is no z in font nullfont!
Missing character: There is no a in font nullfont!
Missing character: There is no r in font nullfont!
Missing character: There is no a in font nullfont!
Missing character: There is no l in font nullfont!
Missing character: There is no o in font nullfont!
Missing character: There is no s in font nullfont!
Missing character: There is no c in font nullfont!
Missing character: There is no o in font nullfont!
Missing character: There is no l in font nullfont!
Missing character: There is no a in font nullfont!
Missing character: There is no b in font nullfont!
Missing character: There is no o in font nullfont!
Missing character: There is no r in font nullfont!
Missing character: There is no a in font nullfont!
Missing character: There is no d in font nullfont!
Missing character: There is no o in font nullfont!
Missing character: There is no r in font nullfont!
Missing character: There is no e in font nullfont!
Missing character: There is no s in font nullfont!
Missing character: There is no . in font nullfont!

Overfull \hbox (14.12492pt too wide) in paragraph at lines 9--10
\OT1/cmr/bx/n/10 ?`A
 []


Overfull \hbox (17.72908pt too wide) in paragraph at lines 9--10
\OT1/cmr/bx/n/10 qu^^Se
 []


Overfull \hbox (13.09715pt too wide) in paragraph at lines 9--10
\OT1/cmr/bx/n/10 vi-
 []


Overfull \hbox (35.14705pt too wide) in paragraph at lines 9--10
\OT1/cmr/bx/n/10 cepres-
 []


Overfull \hbox (7.02774pt too wide) in paragraph at lines 9--10
\OT1/cmr/bx/n/10 i-
 []


Overfull \hbox (21.88184pt too wide) in paragraph at lines 9--10
\OT1/cmr/bx/n/10 den-
 []


Overfull \hbox (13.89574pt too wide) in paragraph at lines 9--10
\OT1/cmr/bx/n/10 cia
 []


Overfull \hbox (61.66081pt too wide) in paragraph at lines 9--10
\OT1/cmr/bx/n/10 perteneces?,
 []

Missing character: There is no S in font nullfont!
Missing character: There is no e in font nullfont!
Missing character: There is no p in font nullfont!
Missing character: There is no r in font nullfont!
Missing character: There is no e in font nullfont!
Missing character: There is no g in font nullfont!
Missing character: There is no u in font nullfont!
Missing character: There is no n in font nullfont!
Missing character: There is no t in font nullfont!
Missing character: There is no a in font nullfont!
Missing character: There is no c in font nullfont!
Missing character: There is no o in font nullfont!
Missing character: There is no n in font nullfont!
Missing character: There is no e in font nullfont!
Missing character: There is no l in font nullfont!
Missing character: There is no f in font nullfont!
Missing character: There is no i in font nullfont!
Missing character: There is no n in font nullfont!
Missing character: There is no d in font nullfont!
Missing character: There is no e in font nullfont!
Missing character: There is no f in font nullfont!
Missing character: There is no o in font nullfont!
Missing character: There is no c in font nullfont!
Missing character: There is no a in font nullfont!
Missing character: There is no l in font nullfont!
Missing character: There is no i in font nullfont!
Missing character: There is no z in font nullfont!
Missing character: There is no a in font nullfont!
Missing character: There is no r in font nullfont!
Missing character: There is no a in font nullfont!
Missing character: There is no l in font nullfont!
Missing character: There is no o in font nullfont!
Missing character: There is no s in font nullfont!
Missing character: There is no c in font nullfont!
Missing character: There is no o in font nullfont!
Missing character: There is no l in font nullfont!
Missing character: There is no a in font nullfont!
Missing character: There is no b in font nullfont!
Missing character: There is no o in font nullfont!
Missing character: There is no r in font nullfont!
Missing character: There is no a in font nullfont!
Missing character: There is no d in font nullfont!
Missing character: There is no o in font nullfont!
Missing character: There is no r in font nullfont!
Missing character: There is no e in font nullfont!
Missing character: There is no s in font nullfont!
Missing character: There is no . in font nullfont!

Overfull \hbox (25.72903pt too wide) in paragraph at lines 10--11
\OT1/cmr/bx/n/10 ?`Qu^^Se
 []


Overfull \hbox (23.63875pt too wide) in paragraph at lines 10--11
\OT1/cmr/bx/n/10 edad
 []


Overfull \hbox (37.75813pt too wide) in paragraph at lines 10--11
\OT1/cmr/bx/n/10 tienes?,
 []

Missing character: There is no S in font nullfont!
Missing character: There is no e in font nullfont!
Missing character: There is no p in font nullfont!
Missing character: There is no r in font nullfont!
Missing character: There is no e in font nullfont!
Missing character: There is no g in font nullfont!
Missing character: There is no u in font nullfont!
Missing character: There is no n in font nullfont!
Missing character: There is no t in font nullfont!
Missing character: There is no a in font nullfont!
Missing character: There is no c in font nullfont!
Missing character: There is no o in font nullfont!
Missing character: There is no n in font nullfont!
Missing character: There is no e in font nullfont!
Missing character: There is no l in font nullfont!
Missing character: There is no f in font nullfont!
Missing character: There is no i in font nullfont!
Missing character: There is no n in font nullfont!
Missing character: There is no d in font nullfont!
Missing character: There is no e in font nullfont!
Missing character: There is no f in font nullfont!
Missing character: There is no o in font nullfont!
Missing character: There is no c in font nullfont!
Missing character: There is no a in font nullfont!
Missing character: There is no l in font nullfont!
Missing character: There is no i in font nullfont!
Missing character: There is no z in font nullfont!
Missing character: There is no a in font nullfont!
Missing character: There is no r in font nullfont!
Missing character: There is no a in font nullfont!
Missing character: There is no l in font nullfont!
Missing character: There is no o in font nullfont!
Missing character: There is no s in font nullfont!
Missing character: There is no c in font nullfont!
Missing character: There is no o in font nullfont!
Missing character: There is no l in font nullfont!
Missing character: There is no a in font nullfont!
Missing character: There is no b in font nullfont!
Missing character: There is no o in font nullfont!
Missing character: There is no r in font nullfont!
Missing character: There is no a in font nullfont!
Missing character: There is no d in font nullfont!
Missing character: There is no o in font nullfont!
Missing character: There is no r in font nullfont!
Missing character: There is no e in font nullfont!
Missing character: There is no s in font nullfont!
Missing character: There is no . in font nullfont!

Overfull \hbox (40.472pt too wide) in paragraph at lines 11--12
\OT1/cmr/bx/n/10 ?`[]Ultimo
 []


Overfull \hbox (28.21512pt too wide) in paragraph at lines 11--12
\OT1/cmr/bx/n/10 grado
 []


Overfull \hbox (52.2289pt too wide) in paragraph at lines 11--12
\OT1/cmr/bx/n/10 optenido?,
 []

Missing character: There is no S in font nullfont!
Missing character: There is no e in font nullfont!
Missing character: There is no p in font nullfont!
Missing character: There is no r in font nullfont!
Missing character: There is no e in font nullfont!
Missing character: There is no g in font nullfont!
Missing character: There is no u in font nullfont!
Missing character: There is no n in font nullfont!
Missing character: There is no t in font nullfont!
Missing character: There is no a in font nullfont!
Missing character: There is no c in font nullfont!
Missing character: There is no o in font nullfont!
Missing character: There is no n in font nullfont!
Missing character: There is no e in font nullfont!
Missing character: There is no l in font nullfont!
Missing character: There is no f in font nullfont!
Missing character: There is no i in font nullfont!
Missing character: There is no n in font nullfont!
Missing character: There is no i in font nullfont!
Missing character: There is no d in font nullfont!
Missing character: There is no e in font nullfont!
Missing character: There is no n in font nullfont!
Missing character: There is no t in font nullfont!
Missing character: There is no i in font nullfont!
Missing character: There is no f in font nullfont!
Missing character: There is no i in font nullfont!
Missing character: There is no c in font nullfont!
Missing character: There is no a in font nullfont!
Missing character: There is no r in font nullfont!
Missing character: There is no s in font nullfont!
Missing character: There is no i in font nullfont!
Missing character: There is no f in font nullfont!
Missing character: There is no u in font nullfont!
Missing character: There is no e in font nullfont!
Missing character: There is no a in font nullfont!
Missing character: There is no u in font nullfont!
Missing character: There is no t in font nullfont!
Missing character: There is no o in font nullfont!
Missing character: There is no m in font nullfont!
Missing character: There is no a in font nullfont!
Missing character: There is no t in font nullfont!
Missing character: There is no i in font nullfont!
Missing character: There is no z in font nullfont!
Missing character: There is no a in font nullfont!
Missing character: There is no d in font nullfont!
Missing character: There is no o in font nullfont!
Missing character: There is no p in font nullfont!
Missing character: There is no o in font nullfont!
Missing character: There is no r in font nullfont!
Missing character: There is no P in font nullfont!
Missing character: There is no o in font nullfont!
Missing character: There is no w in font nullfont!
Missing character: There is no e in font nullfont!
Missing character: There is no r in font nullfont!
Missing character: There is no a in font nullfont!
Missing character: There is no u in font nullfont!
Missing character: There is no t in font nullfont!
Missing character: There is no o in font nullfont!
Missing character: There is no m in font nullfont!
Missing character: There is no a in font nullfont!
Missing character: There is no t in font nullfont!
Missing character: There is no e in font nullfont!
Missing character: There is no o in font nullfont!
Missing character: There is no P in font nullfont!
Missing character: There is no o in font nullfont!
Missing character: There is no w in font nullfont!
Missing character: There is no e in font nullfont!
Missing character: There is no r in font nullfont!
Missing character: There is no A in font nullfont!
Missing character: There is no p in font nullfont!
Missing character: There is no p in font nullfont!
Missing character: There is no s in font nullfont!
Missing character: There is no . in font nullfont!

Overfull \hbox (47.59697pt too wide) in paragraph at lines 12--13
\OT1/cmr/bx/n/10 ?`Soluci^^Son
 []


Overfull \hbox (15.49298pt too wide) in paragraph at lines 12--13
\OT1/cmr/bx/n/10 de-
 []


Overfull \hbox (18.69571pt too wide) in paragraph at lines 12--13
\OT1/cmr/bx/n/10 sar-
 []


Overfull \hbox (17.51381pt too wide) in paragraph at lines 12--13
\OT1/cmr/bx/n/10 rol-
 []


Overfull \hbox (29.38869pt too wide) in paragraph at lines 12--13
\OT1/cmr/bx/n/10 lada?,
 []

Missing character: There is no E in font nullfont!
Missing character: There is no n in font nullfont!
Missing character: There is no c in font nullfont!
Missing character: There is no a in font nullfont!
Missing character: There is no s in font nullfont!
Missing character: There is no o in font nullfont!
Missing character: There is no d in font nullfont!
Missing character: There is no e in font nullfont!
Missing character: There is no h in font nullfont!
Missing character: There is no a in font nullfont!
Missing character: There is no b in font nullfont!
Missing character: There is no e in font nullfont!
Missing character: There is no r in font nullfont!
Missing character: There is no e in font nullfont!
Missing character: There is no l in font nullfont!
Missing character: There is no e in font nullfont!
Missing character: There is no g in font nullfont!
Missing character: There is no i in font nullfont!
Missing character: There is no d in font nullfont!
Missing character: There is no o in font nullfont!
Missing character: There is no P in font nullfont!
Missing character: There is no o in font nullfont!
Missing character: There is no w in font nullfont!
Missing character: There is no e in font nullfont!
Missing character: There is no r in font nullfont!
Missing character: There is no a in font nullfont!
Missing character: There is no u in font nullfont!
Missing character: There is no t in font nullfont!
Missing character: There is no o in font nullfont!
Missing character: There is no m in font nullfont!
Missing character: There is no a in font nullfont!
Missing character: There is no t in font nullfont!
Missing character: There is no e in font nullfont!
Missing character: There is no e in font nullfont!
Missing character: There is no n in font nullfont!
Missing character: There is no l in font nullfont!
Missing character: There is no a in font nullfont!
Missing character: There is no p in font nullfont!
Missing character: There is no r in font nullfont!
Missing character: There is no e in font nullfont!
Missing character: There is no g in font nullfont!
Missing character: There is no u in font nullfont!
Missing character: There is no n in font nullfont!
Missing character: There is no t in font nullfont!
Missing character: There is no a in font nullfont!
Missing character: There is no a in font nullfont!
Missing character: There is no n in font nullfont!
Missing character: There is no t in font nullfont!
Missing character: There is no e in font nullfont!
Missing character: There is no r in font nullfont!
Missing character: There is no i in font nullfont!
Missing character: There is no o in font nullfont!
Missing character: There is no r in font nullfont!
Missing character: There is no . in font nullfont!

Overfull \hbox (20.0pt too wide) in paragraph at lines 15--16
[]
 []


Overfull \hbox (20.0pt too wide) in paragraph at lines 17--17
[] 
 []


Overfull \hbox (25.72903pt too wide) in paragraph at lines 18--19
\OT1/cmr/bx/n/10 ?`Que
 []


Overfull \hbox (21.02768pt too wide) in paragraph at lines 18--19
\OT1/cmr/bx/n/10 por-
 []


Overfull \hbox (35.9373pt too wide) in paragraph at lines 18--19
\OT1/cmr/bx/n/10 centaje
 []


Overfull \hbox (9.80688pt too wide) in paragraph at lines 18--19
\OT1/cmr/bx/n/10 se
 []


Overfull \hbox (15.8124pt too wide) in paragraph at lines 18--19
\OT1/cmr/bx/n/10 au-
 []


Overfull \hbox (23.63876pt too wide) in paragraph at lines 18--19
\OT1/cmr/bx/n/10 tom-
 []


Overfull \hbox (9.42354pt too wide) in paragraph at lines 18--19
\OT1/cmr/bx/n/10 a-
 []


Overfull \hbox (18.52768pt too wide) in paragraph at lines 18--19
\OT1/cmr/bx/n/10 tiz^^So
 []


Overfull \hbox (14.8541pt too wide) in paragraph at lines 18--19
\OT1/cmr/bx/n/10 del
 []


Overfull \hbox (20.70824pt too wide) in paragraph at lines 18--19
\OT1/cmr/bx/n/10 pro-
 []


Overfull \hbox (29.2929pt too wide) in paragraph at lines 18--19
\OT1/cmr/bx/n/10 ceso?. 
 []

Missing character: There is no . in font nullfont!

Overfull \hbox (36.57617pt too wide) in paragraph at lines 19--20
\OT1/cmr/bx/n/10 Cuanto
 []


Overfull \hbox (34.97899pt too wide) in paragraph at lines 19--20
\OT1/cmr/bx/n/10 tiempo
 []


Overfull \hbox (9.80688pt too wide) in paragraph at lines 19--20
\OT1/cmr/bx/n/10 se
 []


Overfull \hbox (25.02069pt too wide) in paragraph at lines 19--20
\OT1/cmr/bx/n/10 tard-
 []


Overfull \hbox (17.5693pt too wide) in paragraph at lines 19--20
\OT1/cmr/bx/n/10 aba
 []


Overfull \hbox (8.46524pt too wide) in paragraph at lines 19--20
\OT1/cmr/bx/n/10 el
 []


Overfull \hbox (13.84023pt too wide) in paragraph at lines 19--20
\OT1/cmr/bx/n/10 re-
 []


Overfull \hbox (27.41649pt too wide) in paragraph at lines 19--20
\OT1/cmr/bx/n/10 alizar
 []


Overfull \hbox (8.46524pt too wide) in paragraph at lines 19--20
\OT1/cmr/bx/n/10 el
 []


Overfull \hbox (20.70824pt too wide) in paragraph at lines 19--20
\OT1/cmr/bx/n/10 pro-
 []


Overfull \hbox (20.66794pt too wide) in paragraph at lines 19--20
\OT1/cmr/bx/n/10 ceso
 []


Overfull \hbox (25.93872pt too wide) in paragraph at lines 19--20
\OT1/cmr/bx/n/10 antes
 []


Overfull \hbox (11.65967pt too wide) in paragraph at lines 19--20
\OT1/cmr/bx/n/10 de
 []


Overfull \hbox (8.78465pt too wide) in paragraph at lines 19--20
\OT1/cmr/bx/n/10 la
 []


Overfull \hbox (15.8124pt too wide) in paragraph at lines 19--20
\OT1/cmr/bx/n/10 au-
 []


Overfull \hbox (23.63876pt too wide) in paragraph at lines 19--20
\OT1/cmr/bx/n/10 tom-
 []


Overfull \hbox (9.42354pt too wide) in paragraph at lines 19--20
\OT1/cmr/bx/n/10 a-
 []


Overfull \hbox (11.49994pt too wide) in paragraph at lines 19--20
\OT1/cmr/bx/n/10 ti-
 []


Overfull \hbox (31.14565pt too wide) in paragraph at lines 19--20
\OT1/cmr/bx/n/10 zaci^^Son 
 []


Overfull \hbox (36.57617pt too wide) in paragraph at lines 20--21
\OT1/cmr/bx/n/10 Cuanto
 []


Overfull \hbox (34.97899pt too wide) in paragraph at lines 20--21
\OT1/cmr/bx/n/10 tiempo
 []


Overfull \hbox (9.80688pt too wide) in paragraph at lines 20--21
\OT1/cmr/bx/n/10 se
 []


Overfull \hbox (25.02069pt too wide) in paragraph at lines 20--21
\OT1/cmr/bx/n/10 tard-
 []


Overfull \hbox (17.5693pt too wide) in paragraph at lines 20--21
\OT1/cmr/bx/n/10 aba
 []


Overfull \hbox (8.46524pt too wide) in paragraph at lines 20--21
\OT1/cmr/bx/n/10 el
 []


Overfull \hbox (13.84023pt too wide) in paragraph at lines 20--21
\OT1/cmr/bx/n/10 re-
 []


Overfull \hbox (27.41649pt too wide) in paragraph at lines 20--21
\OT1/cmr/bx/n/10 alizar
 []


Overfull \hbox (8.46524pt too wide) in paragraph at lines 20--21
\OT1/cmr/bx/n/10 el
 []


Overfull \hbox (20.70824pt too wide) in paragraph at lines 20--21
\OT1/cmr/bx/n/10 pro-
 []


Overfull \hbox (20.66794pt too wide) in paragraph at lines 20--21
\OT1/cmr/bx/n/10 ceso
 []


Overfull \hbox (25.93872pt too wide) in paragraph at lines 20--21
\OT1/cmr/bx/n/10 antes
 []


Overfull \hbox (11.65967pt too wide) in paragraph at lines 20--21
\OT1/cmr/bx/n/10 de
 []


Overfull \hbox (8.78465pt too wide) in paragraph at lines 20--21
\OT1/cmr/bx/n/10 la
 []


Overfull \hbox (15.8124pt too wide) in paragraph at lines 20--21
\OT1/cmr/bx/n/10 au-
 []


Overfull \hbox (23.63876pt too wide) in paragraph at lines 20--21
\OT1/cmr/bx/n/10 tom-
 []


Overfull \hbox (9.42354pt too wide) in paragraph at lines 20--21
\OT1/cmr/bx/n/10 a-
 []


Overfull \hbox (11.49994pt too wide) in paragraph at lines 20--21
\OT1/cmr/bx/n/10 ti-
 []


Overfull \hbox (34.34007pt too wide) in paragraph at lines 20--21
\OT1/cmr/bx/n/10 zaci^^Son. 
 []


Overfull \hbox (17.0902pt too wide) in paragraph at lines 21--22
\OT1/cmr/bx/n/10 ?`Se
 []


Overfull \hbox (15.97214pt too wide) in paragraph at lines 21--22
\OT1/cmr/bx/n/10 op-
 []


Overfull \hbox (11.49994pt too wide) in paragraph at lines 21--22
\OT1/cmr/bx/n/10 ti-
 []


Overfull \hbox (23.63876pt too wide) in paragraph at lines 21--22
\OT1/cmr/bx/n/10 miz^^So
 []


Overfull \hbox (8.78465pt too wide) in paragraph at lines 21--22
\OT1/cmr/bx/n/10 la
 []


Overfull \hbox (14.05548pt too wide) in paragraph at lines 21--22
\OT1/cmr/bx/n/10 to-
 []


Overfull \hbox (17.09016pt too wide) in paragraph at lines 21--22
\OT1/cmr/bx/n/10 tal-
 []


Overfull \hbox (7.02774pt too wide) in paragraph at lines 21--22
\OT1/cmr/bx/n/10 i-
 []


Overfull \hbox (18.36794pt too wide) in paragraph at lines 21--22
\OT1/cmr/bx/n/10 dad
 []


Overfull \hbox (14.8541pt too wide) in paragraph at lines 21--22
\OT1/cmr/bx/n/10 del
 []


Overfull \hbox (20.70824pt too wide) in paragraph at lines 21--22
\OT1/cmr/bx/n/10 pro-
 []


Overfull \hbox (26.09846pt too wide) in paragraph at lines 21--22
\OT1/cmr/bx/n/10 ceso? 
 []

Missing character: There is no e in font nullfont!
Missing character: There is no s in font nullfont!
Missing character: There is no t in font nullfont!
Missing character: There is no s in font nullfont!
Missing character: There is no a in font nullfont!
Missing character: There is no t in font nullfont!
Missing character: There is no i in font nullfont!
Missing character: There is no s in font nullfont!
Missing character: There is no f in font nullfont!
Missing character: There is no e in font nullfont!
Missing character: There is no c in font nullfont!
Missing character: There is no h in font nullfont!
Missing character: There is no o in font nullfont!
Missing character: There is no c in font nullfont!
Missing character: There is no o in font nullfont!
Missing character: There is no n in font nullfont!
Missing character: There is no l in font nullfont!
Missing character: There is no a in font nullfont!
Missing character: There is no s in font nullfont!
Missing character: There is no o in font nullfont!
Missing character: There is no l in font nullfont!
Missing character: There is no u in font nullfont!
Missing character: There is no c in font nullfont!
Missing character: There is no i in font nullfont!
Missing character: There is no n in font nullfont!
Missing character: There is no ? in font nullfont!
! Extra }, or forgotten \endgroup.
l.22 ...tbf{¿}está satisfecho con la solución?}
                                                  
I've deleted a group-closing symbol because it seems to be
spurious, as in `$x}$'. But perhaps the } is legitimate and
you forgot something else, as in `\hbox{$x}'. In such cases
the way to recover is to insert both the forgotten and the
deleted material, e.g., by typing `I$}'.


Overfull \hbox (10.43054pt too wide) in paragraph at lines 22--23
\OT1/cmr/bx/n/10 ?`\/cmr/m/n/10 ^^Sa
 []


Overfull \hbox (5.00002pt too wide) in paragraph at lines 22--23
\/cmr/m/n/10 ^^So 
 []

Missing character: There is no E in font nullfont!
Missing character: There is no n in font nullfont!
Missing character: There is no c in font nullfont!
Missing character: There is no a in font nullfont!
Missing character: There is no s in font nullfont!
Missing character: There is no o in font nullfont!
Missing character: There is no d in font nullfont!
Missing character: There is no e in font nullfont!
Missing character: There is no h in font nullfont!
Missing character: There is no a in font nullfont!
Missing character: There is no b in font nullfont!
Missing character: There is no e in font nullfont!
Missing character: There is no r in font nullfont!
Missing character: There is no e in font nullfont!
Missing character: There is no l in font nullfont!
Missing character: There is no e in font nullfont!
Missing character: There is no g in font nullfont!
Missing character: There is no i in font nullfont!
Missing character: There is no d in font nullfont!
Missing character: There is no o in font nullfont!
Missing character: There is no P in font nullfont!
Missing character: There is no o in font nullfont!
Missing character: There is no w in font nullfont!
Missing character: There is no e in font nullfont!
Missing character: There is no r in font nullfont!
Missing character: There is no a in font nullfont!
Missing character: There is no p in font nullfont!
Missing character: There is no p in font nullfont!
Missing character: There is no s in font nullfont!
Missing character: There is no e in font nullfont!
Missing character: There is no n in font nullfont!
Missing character: There is no l in font nullfont!
Missing character: There is no a in font nullfont!
Missing character: There is no p in font nullfont!
Missing character: There is no r in font nullfont!
Missing character: There is no e in font nullfont!
Missing character: There is no g in font nullfont!
Missing character: There is no u in font nullfont!
Missing character: There is no n in font nullfont!
Missing character: There is no t in font nullfont!
Missing character: There is no a in font nullfont!
Missing character: There is no a in font nullfont!
Missing character: There is no n in font nullfont!
Missing character: There is no t in font nullfont!
Missing character: There is no e in font nullfont!
Missing character: There is no r in font nullfont!
Missing character: There is no i in font nullfont!
Missing character: There is no o in font nullfont!
Missing character: There is no r in font nullfont!
Missing character: There is no . in font nullfont!

Overfull \hbox (20.0pt too wide) in paragraph at lines 25--26
[]
 []


Overfull \hbox (20.0pt too wide) in paragraph at lines 27--27
[] 
 []


Overfull \hbox (25.72903pt too wide) in paragraph at lines 28--29
\OT1/cmr/bx/n/10 ?`Qu^^Se
 []


Overfull \hbox (16.45128pt too wide) in paragraph at lines 28--29
\OT1/cmr/bx/n/10 tan
 []


Overfull \hbox (20.60403pt too wide) in paragraph at lines 28--29
\OT1/cmr/bx/n/10 facil
 []


Overfull \hbox (9.80688pt too wide) in paragraph at lines 28--29
\OT1/cmr/bx/n/10 es
 []


Overfull \hbox (17.8888pt too wide) in paragraph at lines 28--29
\OT1/cmr/bx/n/10 uti-
 []


Overfull \hbox (21.82626pt too wide) in paragraph at lines 28--29
\OT1/cmr/bx/n/10 lizar
 []


Overfull \hbox (8.78465pt too wide) in paragraph at lines 28--29
\OT1/cmr/bx/n/10 la
 []


Overfull \hbox (22.20125pt too wide) in paragraph at lines 28--29
\OT1/cmr/bx/n/10 apli-
 []


Overfull \hbox (39.7706pt too wide) in paragraph at lines 28--29
\OT1/cmr/bx/n/10 caci^^Son?. 
 []


Overfull \hbox (12.50685pt too wide) in paragraph at lines 29--30
\OT1/cmr/bx/n/10 La
 []


Overfull \hbox (22.20125pt too wide) in paragraph at lines 29--30
\OT1/cmr/bx/n/10 apli-
 []


Overfull \hbox (31.14565pt too wide) in paragraph at lines 29--30
\OT1/cmr/bx/n/10 caci^^Son
 []


Overfull \hbox (14.8541pt too wide) in paragraph at lines 29--30
\OT1/cmr/bx/n/10 me
 []


Overfull \hbox (20.54852pt too wide) in paragraph at lines 29--30
\OT1/cmr/bx/n/10 per-
 []


Overfull \hbox (22.52072pt too wide) in paragraph at lines 29--30
\OT1/cmr/bx/n/10 mite
 []


Overfull \hbox (18.31242pt too wide) in paragraph at lines 29--30
\OT1/cmr/bx/n/10 ter-
 []


Overfull \hbox (16.61102pt too wide) in paragraph at lines 29--30
\OT1/cmr/bx/n/10 mi-
 []


Overfull \hbox (16.71518pt too wide) in paragraph at lines 29--30
\OT1/cmr/bx/n/10 nar
 []


Overfull \hbox (12.77771pt too wide) in paragraph at lines 29--30
\OT1/cmr/bx/n/10 mi
 []


Overfull \hbox (18.63184pt too wide) in paragraph at lines 29--30
\OT1/cmr/bx/n/10 tra-
 []


Overfull \hbox (21.8818pt too wide) in paragraph at lines 29--30
\OT1/cmr/bx/n/10 bajo
 []


Overfull \hbox (20.5485pt too wide) in paragraph at lines 29--30
\OT1/cmr/bx/n/10 rap-
 []


Overfull \hbox (7.02774pt too wide) in paragraph at lines 29--30
\OT1/cmr/bx/n/10 i-
 []


Overfull \hbox (15.8124pt too wide) in paragraph at lines 29--30
\OT1/cmr/bx/n/10 da-
 []


Overfull \hbox (33.86095pt too wide) in paragraph at lines 29--30
\OT1/cmr/bx/n/10 mente. 
 []


Overfull \hbox (17.93738pt too wide) in paragraph at lines 30--31
\OT1/cmr/bx/n/10 ?`La
 []


Overfull \hbox (22.20125pt too wide) in paragraph at lines 30--31
\OT1/cmr/bx/n/10 apli-
 []


Overfull \hbox (31.14565pt too wide) in paragraph at lines 30--31
\OT1/cmr/bx/n/10 caci^^Son
 []


Overfull \hbox (29.2929pt too wide) in paragraph at lines 30--31
\OT1/cmr/bx/n/10 mues-
 []


Overfull \hbox (14.79852pt too wide) in paragraph at lines 30--31
\OT1/cmr/bx/n/10 tra
 []


Overfull \hbox (25.07626pt too wide) in paragraph at lines 30--31
\OT1/cmr/bx/n/10 men-
 []


Overfull \hbox (24.08594pt too wide) in paragraph at lines 30--31
\OT1/cmr/bx/n/10 sajes
 []


Overfull \hbox (11.65967pt too wide) in paragraph at lines 30--31
\OT1/cmr/bx/n/10 de
 []


Overfull \hbox (13.84023pt too wide) in paragraph at lines 30--31
\OT1/cmr/bx/n/10 er-
 []


Overfull \hbox (15.22217pt too wide) in paragraph at lines 30--31
\OT1/cmr/bx/n/10 ror
 []


Overfull \hbox (17.72908pt too wide) in paragraph at lines 30--31
\OT1/cmr/bx/n/10 que
 []


Overfull \hbox (14.8541pt too wide) in paragraph at lines 30--31
\OT1/cmr/bx/n/10 me
 []


Overfull \hbox (13.4166pt too wide) in paragraph at lines 30--31
\OT1/cmr/bx/n/10 di-
 []


Overfull \hbox (16.77075pt too wide) in paragraph at lines 30--31
\OT1/cmr/bx/n/10 cen
 []


Overfull \hbox (28.05537pt too wide) in paragraph at lines 30--31
\OT1/cmr/bx/n/10 clara-
 []


Overfull \hbox (30.66652pt too wide) in paragraph at lines 30--31
\OT1/cmr/bx/n/10 mente
 []


Overfull \hbox (26.1943pt too wide) in paragraph at lines 30--31
\OT1/cmr/bx/n/10 como
 []


Overfull \hbox (13.84023pt too wide) in paragraph at lines 30--31
\OT1/cmr/bx/n/10 re-
 []


Overfull \hbox (33.07066pt too wide) in paragraph at lines 30--31
\OT1/cmr/bx/n/10 solver-
 []


Overfull \hbox (22.10542pt too wide) in paragraph at lines 30--31
\OT1/cmr/bx/n/10 los.? 
 []


Overfull \hbox (17.52211pt too wide) in paragraph at lines 31--32
\OT1/cmr/bx/n/10 ?`Es
 []


Overfull \hbox (20.60403pt too wide) in paragraph at lines 31--32
\OT1/cmr/bx/n/10 facil
 []


Overfull \hbox (21.25125pt too wide) in paragraph at lines 31--32
\OT1/cmr/bx/n/10 usar
 []


Overfull \hbox (8.78465pt too wide) in paragraph at lines 31--32
\OT1/cmr/bx/n/10 la
 []


Overfull \hbox (22.20125pt too wide) in paragraph at lines 31--32
\OT1/cmr/bx/n/10 apli-
 []


Overfull \hbox (36.57617pt too wide) in paragraph at lines 31--32
\OT1/cmr/bx/n/10 caci^^Son? 
 []


Overfull \hbox (34.81926pt too wide) in paragraph at lines 32--33
\OT1/cmr/bx/n/10 ?`Como
 []


Overfull \hbox (17.72905pt too wide) in paragraph at lines 32--33
\OT1/cmr/bx/n/10 cal-
 []


Overfull \hbox (7.02774pt too wide) in paragraph at lines 32--33
\OT1/cmr/bx/n/10 i-
 []


Overfull \hbox (17.09016pt too wide) in paragraph at lines 32--33
\OT1/cmr/bx/n/10 fica
 []


Overfull \hbox (8.78465pt too wide) in paragraph at lines 32--33
\OT1/cmr/bx/n/10 la
 []


Overfull \hbox (13.4166pt too wide) in paragraph at lines 32--33
\OT1/cmr/bx/n/10 in-
 []


Overfull \hbox (18.31242pt too wide) in paragraph at lines 32--33
\OT1/cmr/bx/n/10 ter-
 []


Overfull \hbox (14.21518pt too wide) in paragraph at lines 32--33
\OT1/cmr/bx/n/10 faz
 []


Overfull \hbox (11.65967pt too wide) in paragraph at lines 32--33
\OT1/cmr/bx/n/10 de
 []


Overfull \hbox (8.78465pt too wide) in paragraph at lines 32--33
\OT1/cmr/bx/n/10 la
 []


Overfull \hbox (22.20125pt too wide) in paragraph at lines 32--33
\OT1/cmr/bx/n/10 apli-
 []


Overfull \hbox (36.57617pt too wide) in paragraph at lines 32--33
\OT1/cmr/bx/n/10 caci^^Son? 
 []


! LaTeX Error: The font size command \normalsize is not defined:
               there is probably something wrong with the class file.

See the LaTeX manual or LaTeX Companion for explanation.
Type  H <return>  for immediate help.
 ...                                              
                                                  
l.33 	\item \textbf
                   {¿En general estpy satisfecho con la aplicación?}
Your command was ignored.
Type  I <command> <return>  to replace it with another command,
or  <return>  to continue without it.

[1{C:/Users/Sergio López/AppData/Local/MiKTeX/fonts/map/pdftex/pdftex.map}]
Overfull \hbox (19.3749pt too wide) in paragraph at lines 33--34
\OT1/cmr/bx/n/10 ?`En
 []


Overfull \hbox (21.24295pt too wide) in paragraph at lines 33--34
\OT1/cmr/bx/n/10 gen-
 []


Overfull \hbox (18.79156pt too wide) in paragraph at lines 33--34
\OT1/cmr/bx/n/10 eral
 []


Overfull \hbox (26.41791pt too wide) in paragraph at lines 33--34
\OT1/cmr/bx/n/10 estpy
 []


Overfull \hbox (18.43181pt too wide) in paragraph at lines 33--34
\OT1/cmr/bx/n/10 sat-
 []


Overfull \hbox (11.56381pt too wide) in paragraph at lines 33--34
\OT1/cmr/bx/n/10 is-
 []


Overfull \hbox (12.618pt too wide) in paragraph at lines 33--34
\OT1/cmr/bx/n/10 fe-
 []


Overfull \hbox (16.93047pt too wide) in paragraph at lines 33--34
\OT1/cmr/bx/n/10 cho
 []


Overfull \hbox (17.24991pt too wide) in paragraph at lines 33--34
\OT1/cmr/bx/n/10 con
 []


Overfull \hbox (8.78465pt too wide) in paragraph at lines 33--34
\OT1/cmr/bx/n/10 la
 []


Overfull \hbox (22.20125pt too wide) in paragraph at lines 33--34
\OT1/cmr/bx/n/10 apli-
 []


Overfull \hbox (36.57617pt too wide) in paragraph at lines 33--34
\OT1/cmr/bx/n/10 caci^^Son? 
 []

)
! Emergency stop.
<*> ./artefaco.tex
                  
*** (job aborted, no legal \end found)

 
Here is how much of TeX's memory you used:
 39 strings out of 478582
 648 string characters out of 2840533
 300272 words of memory out of 3000000
 18322 multiletter control sequences out of 15000+600000
 469567 words of font info for 29 fonts, out of 8000000 for 9000
 1141 hyphenation exceptions out of 8191
 27i,5n,32p,366b,163s stack positions out of 10000i,1000n,20000p,200000b,80000s
!  ==> Fatal error occurred, no output PDF file produced!
